{"message":422,"level":"info"}
{"message":"{\"error\":{\"statusCode\":422,\"name\":\"UnprocessableEntityError\",\"message\":\"The request body is invalid. See error object `details` property for more info.\",\"code\":\"VALIDATION_FAILED\",\"details\":[{\"path\":\"/paiddays\",\"code\":\"type\",\"message\":\"must be string\",\"info\":{\"type\":\"string\"}}]}}","level":"info"}
{"message":422,"level":"info"}
{"message":"{\"error\":{\"statusCode\":422,\"name\":\"UnprocessableEntityError\",\"message\":\"The request body is invalid. See error object `details` property for more info.\",\"code\":\"VALIDATION_FAILED\",\"details\":[{\"path\":\"/paiddays\",\"code\":\"type\",\"message\":\"must be string\",\"info\":{\"type\":\"string\"}}]}}","level":"info"}
{"message":422,"level":"info"}
{"message":"{\"error\":{\"statusCode\":422,\"name\":\"UnprocessableEntityError\",\"message\":\"The request body is invalid. See error object `details` property for more info.\",\"code\":\"VALIDATION_FAILED\",\"details\":[{\"path\":\"/paiddays\",\"code\":\"type\",\"message\":\"must be string\",\"info\":{\"type\":\"string\"}}]}}","level":"info"}
{"message":422,"level":"info"}
{"message":"{\"error\":{\"statusCode\":422,\"name\":\"UnprocessableEntityError\",\"message\":\"The request body is invalid. See error object `details` property for more info.\",\"code\":\"VALIDATION_FAILED\",\"details\":[{\"path\":\"/paiddays\",\"code\":\"type\",\"message\":\"must be string\",\"info\":{\"type\":\"string\"}}]}}","level":"info"}
{"message":422,"level":"info"}
{"message":"{\"error\":{\"statusCode\":422,\"name\":\"UnprocessableEntityError\",\"message\":\"The request body is invalid. See error object `details` property for more info.\",\"code\":\"VALIDATION_FAILED\",\"details\":[{\"path\":\"/paiddays\",\"code\":\"type\",\"message\":\"must be string\",\"info\":{\"type\":\"string\"}}]}}","level":"info"}
{"message":422,"level":"info"}
{"message":"{\"error\":{\"statusCode\":422,\"name\":\"UnprocessableEntityError\",\"message\":\"The request body is invalid. See error object `details` property for more info.\",\"code\":\"VALIDATION_FAILED\",\"details\":[{\"path\":\"/paiddays\",\"code\":\"type\",\"message\":\"must be string\",\"info\":{\"type\":\"string\"}}]}}","level":"info"}
{"message":422,"level":"info"}
{"message":"{\"error\":{\"statusCode\":422,\"name\":\"UnprocessableEntityError\",\"message\":\"The request body is invalid. See error object `details` property for more info.\",\"code\":\"VALIDATION_FAILED\",\"details\":[{\"path\":\"/paiddays\",\"code\":\"type\",\"message\":\"must be string\",\"info\":{\"type\":\"string\"}}]}}","level":"info"}
{"message":422,"level":"info"}
{"message":"{\"error\":{\"statusCode\":422,\"name\":\"UnprocessableEntityError\",\"message\":\"The request body is invalid. See error object `details` property for more info.\",\"code\":\"VALIDATION_FAILED\",\"details\":[{\"path\":\"/paiddays\",\"code\":\"type\",\"message\":\"must be string\",\"info\":{\"type\":\"string\"}}]}}","level":"info"}
{"message":422,"level":"info"}
{"message":"{\"error\":{\"statusCode\":422,\"name\":\"UnprocessableEntityError\",\"message\":\"The request body is invalid. See error object `details` property for more info.\",\"code\":\"VALIDATION_FAILED\",\"details\":[{\"path\":\"/paiddays\",\"code\":\"type\",\"message\":\"must be string\",\"info\":{\"type\":\"string\"}}]}}","level":"info"}
{"message":422,"level":"info"}
{"message":"{\"error\":{\"statusCode\":422,\"name\":\"UnprocessableEntityError\",\"message\":\"The request body is invalid. See error object `details` property for more info.\",\"code\":\"VALIDATION_FAILED\",\"details\":[{\"path\":\"/paiddays\",\"code\":\"type\",\"message\":\"must be string\",\"info\":{\"type\":\"string\"}}]}}","level":"info"}
{"message":422,"level":"info"}
{"message":"{\"error\":{\"statusCode\":422,\"name\":\"UnprocessableEntityError\",\"message\":\"The request body is invalid. See error object `details` property for more info.\",\"code\":\"VALIDATION_FAILED\",\"details\":[{\"path\":\"/paiddays\",\"code\":\"type\",\"message\":\"must be string\",\"info\":{\"type\":\"string\"}}]}}","level":"info"}
{"message":422,"level":"info"}
{"message":"{\"error\":{\"statusCode\":422,\"name\":\"UnprocessableEntityError\",\"message\":\"The request body is invalid. See error object `details` property for more info.\",\"code\":\"VALIDATION_FAILED\",\"details\":[{\"path\":\"/paiddays\",\"code\":\"type\",\"message\":\"must be string\",\"info\":{\"type\":\"string\"}}]}}","level":"info"}
{"message":422,"level":"info"}
{"message":"{\"error\":{\"statusCode\":422,\"name\":\"UnprocessableEntityError\",\"message\":\"The request body is invalid. See error object `details` property for more info.\",\"code\":\"VALIDATION_FAILED\",\"details\":[{\"path\":\"/paiddays\",\"code\":\"type\",\"message\":\"must be string\",\"info\":{\"type\":\"string\"}}]}}","level":"info"}
{"message":422,"level":"info"}
{"message":"{\"error\":{\"statusCode\":422,\"name\":\"UnprocessableEntityError\",\"message\":\"The request body is invalid. See error object `details` property for more info.\",\"code\":\"VALIDATION_FAILED\",\"details\":[{\"path\":\"/paiddays\",\"code\":\"type\",\"message\":\"must be string\",\"info\":{\"type\":\"string\"}}]}}","level":"info"}
{"message":422,"level":"info"}
{"message":"{\"error\":{\"statusCode\":422,\"name\":\"UnprocessableEntityError\",\"message\":\"The request body is invalid. See error object `details` property for more info.\",\"code\":\"VALIDATION_FAILED\",\"details\":[{\"path\":\"/paiddays\",\"code\":\"type\",\"message\":\"must be string\",\"info\":{\"type\":\"string\"}}]}}","level":"info"}
{"message":422,"level":"info"}
{"message":"{\"error\":{\"statusCode\":422,\"name\":\"UnprocessableEntityError\",\"message\":\"The request body is invalid. See error object `details` property for more info.\",\"code\":\"VALIDATION_FAILED\",\"details\":[{\"path\":\"/paiddays\",\"code\":\"type\",\"message\":\"must be string\",\"info\":{\"type\":\"string\"}}]}}","level":"info"}
{"message":422,"level":"info"}
{"message":"{\"error\":{\"statusCode\":422,\"name\":\"UnprocessableEntityError\",\"message\":\"The request body is invalid. See error object `details` property for more info.\",\"code\":\"VALIDATION_FAILED\",\"details\":[{\"path\":\"/paiddays\",\"code\":\"type\",\"message\":\"must be string\",\"info\":{\"type\":\"string\"}}]}}","level":"info"}
{"message":422,"level":"info"}
{"message":"{\"error\":{\"statusCode\":422,\"name\":\"UnprocessableEntityError\",\"message\":\"The request body is invalid. See error object `details` property for more info.\",\"code\":\"VALIDATION_FAILED\",\"details\":[{\"path\":\"/paiddays\",\"code\":\"type\",\"message\":\"must be string\",\"info\":{\"type\":\"string\"}}]}}","level":"info"}
{"message":422,"level":"info"}
{"message":"{\"error\":{\"statusCode\":422,\"name\":\"UnprocessableEntityError\",\"message\":\"The request body is invalid. See error object `details` property for more info.\",\"code\":\"VALIDATION_FAILED\",\"details\":[{\"path\":\"/paiddays\",\"code\":\"type\",\"message\":\"must be string\",\"info\":{\"type\":\"string\"}}]}}","level":"info"}
{"message":422,"level":"info"}
{"message":"{\"error\":{\"statusCode\":422,\"name\":\"UnprocessableEntityError\",\"message\":\"The request body is invalid. See error object `details` property for more info.\",\"code\":\"VALIDATION_FAILED\",\"details\":[{\"path\":\"/paiddays\",\"code\":\"type\",\"message\":\"must be string\",\"info\":{\"type\":\"string\"}}]}}","level":"info"}
{"message":422,"level":"info"}
{"message":"{\"error\":{\"statusCode\":422,\"name\":\"UnprocessableEntityError\",\"message\":\"The request body is invalid. See error object `details` property for more info.\",\"code\":\"VALIDATION_FAILED\",\"details\":[{\"path\":\"/paiddays\",\"code\":\"type\",\"message\":\"must be string\",\"info\":{\"type\":\"string\"}}]}}","level":"info"}
{"message":422,"level":"info"}
{"message":"{\"error\":{\"statusCode\":422,\"name\":\"UnprocessableEntityError\",\"message\":\"The request body is invalid. See error object `details` property for more info.\",\"code\":\"VALIDATION_FAILED\",\"details\":[{\"path\":\"/paiddays\",\"code\":\"type\",\"message\":\"must be string\",\"info\":{\"type\":\"string\"}}]}}","level":"info"}
{"message":422,"level":"info"}
{"message":"{\"error\":{\"statusCode\":422,\"name\":\"UnprocessableEntityError\",\"message\":\"The request body is invalid. See error object `details` property for more info.\",\"code\":\"VALIDATION_FAILED\",\"details\":[{\"path\":\"/paiddays\",\"code\":\"type\",\"message\":\"must be string\",\"info\":{\"type\":\"string\"}}]}}","level":"info"}
{"message":422,"level":"info"}
{"message":"{\"error\":{\"statusCode\":422,\"name\":\"UnprocessableEntityError\",\"message\":\"The request body is invalid. See error object `details` property for more info.\",\"code\":\"VALIDATION_FAILED\",\"details\":[{\"path\":\"/paiddays\",\"code\":\"type\",\"message\":\"must be string\",\"info\":{\"type\":\"string\"}}]}}","level":"info"}
{"message":422,"level":"info"}
{"message":"{\"error\":{\"statusCode\":422,\"name\":\"UnprocessableEntityError\",\"message\":\"The request body is invalid. See error object `details` property for more info.\",\"code\":\"VALIDATION_FAILED\",\"details\":[{\"path\":\"/paiddays\",\"code\":\"type\",\"message\":\"must be string\",\"info\":{\"type\":\"string\"}}]}}","level":"info"}
{"message":422,"level":"info"}
{"message":"{\"error\":{\"statusCode\":422,\"name\":\"UnprocessableEntityError\",\"message\":\"The request body is invalid. See error object `details` property for more info.\",\"code\":\"VALIDATION_FAILED\",\"details\":[{\"path\":\"/paiddays\",\"code\":\"type\",\"message\":\"must be string\",\"info\":{\"type\":\"string\"}}]}}","level":"info"}
{"message":422,"level":"info"}
{"message":"{\"error\":{\"statusCode\":422,\"name\":\"UnprocessableEntityError\",\"message\":\"The request body is invalid. See error object `details` property for more info.\",\"code\":\"VALIDATION_FAILED\",\"details\":[{\"path\":\"/paiddays\",\"code\":\"type\",\"message\":\"must be string\",\"info\":{\"type\":\"string\"}}]}}","level":"info"}
{"message":422,"level":"info"}
{"message":"{\"error\":{\"statusCode\":422,\"name\":\"UnprocessableEntityError\",\"message\":\"The request body is invalid. See error object `details` property for more info.\",\"code\":\"VALIDATION_FAILED\",\"details\":[{\"path\":\"/paiddays\",\"code\":\"type\",\"message\":\"must be string\",\"info\":{\"type\":\"string\"}}]}}","level":"info"}
{"message":422,"level":"info"}
{"message":"{\"error\":{\"statusCode\":422,\"name\":\"UnprocessableEntityError\",\"message\":\"The request body is invalid. See error object `details` property for more info.\",\"code\":\"VALIDATION_FAILED\",\"details\":[{\"path\":\"/paiddays\",\"code\":\"type\",\"message\":\"must be string\",\"info\":{\"type\":\"string\"}}]}}","level":"info"}
{"message":422,"level":"info"}
{"message":"{\"error\":{\"statusCode\":422,\"name\":\"UnprocessableEntityError\",\"message\":\"The request body is invalid. See error object `details` property for more info.\",\"code\":\"VALIDATION_FAILED\",\"details\":[{\"path\":\"/paiddays\",\"code\":\"type\",\"message\":\"must be string\",\"info\":{\"type\":\"string\"}}]}}","level":"info"}
{"message":422,"level":"info"}
{"message":"{\"error\":{\"statusCode\":422,\"name\":\"UnprocessableEntityError\",\"message\":\"The request body is invalid. See error object `details` property for more info.\",\"code\":\"VALIDATION_FAILED\",\"details\":[{\"path\":\"/paiddays\",\"code\":\"type\",\"message\":\"must be string\",\"info\":{\"type\":\"string\"}}]}}","level":"info"}
{"message":422,"level":"info"}
{"message":"{\"error\":{\"statusCode\":422,\"name\":\"UnprocessableEntityError\",\"message\":\"The request body is invalid. See error object `details` property for more info.\",\"code\":\"VALIDATION_FAILED\",\"details\":[{\"path\":\"/paiddays\",\"code\":\"type\",\"message\":\"must be string\",\"info\":{\"type\":\"string\"}}]}}","level":"info"}
{"message":422,"level":"info"}
{"message":"{\"error\":{\"statusCode\":422,\"name\":\"UnprocessableEntityError\",\"message\":\"The request body is invalid. See error object `details` property for more info.\",\"code\":\"VALIDATION_FAILED\",\"details\":[{\"path\":\"/paiddays\",\"code\":\"type\",\"message\":\"must be string\",\"info\":{\"type\":\"string\"}}]}}","level":"info"}
{"message":422,"level":"info"}
{"message":"{\"error\":{\"statusCode\":422,\"name\":\"UnprocessableEntityError\",\"message\":\"The request body is invalid. See error object `details` property for more info.\",\"code\":\"VALIDATION_FAILED\",\"details\":[{\"path\":\"/paiddays\",\"code\":\"type\",\"message\":\"must be string\",\"info\":{\"type\":\"string\"}}]}}","level":"info"}
{"message":422,"level":"info"}
{"message":"{\"error\":{\"statusCode\":422,\"name\":\"UnprocessableEntityError\",\"message\":\"The request body is invalid. See error object `details` property for more info.\",\"code\":\"VALIDATION_FAILED\",\"details\":[{\"path\":\"/paiddays\",\"code\":\"type\",\"message\":\"must be string\",\"info\":{\"type\":\"string\"}}]}}","level":"info"}
{"message":422,"level":"info"}
{"message":"{\"error\":{\"statusCode\":422,\"name\":\"UnprocessableEntityError\",\"message\":\"The request body is invalid. See error object `details` property for more info.\",\"code\":\"VALIDATION_FAILED\",\"details\":[{\"path\":\"/paiddays\",\"code\":\"type\",\"message\":\"must be string\",\"info\":{\"type\":\"string\"}}]}}","level":"info"}
{"message":422,"level":"info"}
{"message":"{\"error\":{\"statusCode\":422,\"name\":\"UnprocessableEntityError\",\"message\":\"The request body is invalid. See error object `details` property for more info.\",\"code\":\"VALIDATION_FAILED\",\"details\":[{\"path\":\"/paiddays\",\"code\":\"type\",\"message\":\"must be string\",\"info\":{\"type\":\"string\"}}]}}","level":"info"}
{"message":422,"level":"info"}
{"message":"{\"error\":{\"statusCode\":422,\"name\":\"UnprocessableEntityError\",\"message\":\"The request body is invalid. See error object `details` property for more info.\",\"code\":\"VALIDATION_FAILED\",\"details\":[{\"path\":\"/paiddays\",\"code\":\"type\",\"message\":\"must be string\",\"info\":{\"type\":\"string\"}}]}}","level":"info"}
{"message":422,"level":"info"}
{"message":"{\"error\":{\"statusCode\":422,\"name\":\"UnprocessableEntityError\",\"message\":\"The request body is invalid. See error object `details` property for more info.\",\"code\":\"VALIDATION_FAILED\",\"details\":[{\"path\":\"/paiddays\",\"code\":\"type\",\"message\":\"must be string\",\"info\":{\"type\":\"string\"}}]}}","level":"info"}
{"message":422,"level":"info"}
{"message":"{\"error\":{\"statusCode\":422,\"name\":\"UnprocessableEntityError\",\"message\":\"The request body is invalid. See error object `details` property for more info.\",\"code\":\"VALIDATION_FAILED\",\"details\":[{\"path\":\"/paiddays\",\"code\":\"type\",\"message\":\"must be string\",\"info\":{\"type\":\"string\"}}]}}","level":"info"}
{"message":422,"level":"info"}
{"message":"{\"error\":{\"statusCode\":422,\"name\":\"UnprocessableEntityError\",\"message\":\"The request body is invalid. See error object `details` property for more info.\",\"code\":\"VALIDATION_FAILED\",\"details\":[{\"path\":\"/paiddays\",\"code\":\"type\",\"message\":\"must be string\",\"info\":{\"type\":\"string\"}}]}}","level":"info"}
{"message":422,"level":"info"}
{"message":"{\"error\":{\"statusCode\":422,\"name\":\"UnprocessableEntityError\",\"message\":\"The request body is invalid. See error object `details` property for more info.\",\"code\":\"VALIDATION_FAILED\",\"details\":[{\"path\":\"/paiddays\",\"code\":\"type\",\"message\":\"must be string\",\"info\":{\"type\":\"string\"}}]}}","level":"info"}
{"message":422,"level":"info"}
{"message":"{\"error\":{\"statusCode\":422,\"name\":\"UnprocessableEntityError\",\"message\":\"The request body is invalid. See error object `details` property for more info.\",\"code\":\"VALIDATION_FAILED\",\"details\":[{\"path\":\"/paiddays\",\"code\":\"type\",\"message\":\"must be string\",\"info\":{\"type\":\"string\"}}]}}","level":"info"}
{"message":422,"level":"info"}
{"message":"{\"error\":{\"statusCode\":422,\"name\":\"UnprocessableEntityError\",\"message\":\"The request body is invalid. See error object `details` property for more info.\",\"code\":\"VALIDATION_FAILED\",\"details\":[{\"path\":\"/paiddays\",\"code\":\"type\",\"message\":\"must be string\",\"info\":{\"type\":\"string\"}}]}}","level":"info"}
{"message":422,"level":"info"}
{"message":"{\"error\":{\"statusCode\":422,\"name\":\"UnprocessableEntityError\",\"message\":\"The request body is invalid. See error object `details` property for more info.\",\"code\":\"VALIDATION_FAILED\",\"details\":[{\"path\":\"/paiddays\",\"code\":\"type\",\"message\":\"must be string\",\"info\":{\"type\":\"string\"}}]}}","level":"info"}
{"message":422,"level":"info"}
{"message":"{\"error\":{\"statusCode\":422,\"name\":\"UnprocessableEntityError\",\"message\":\"The request body is invalid. See error object `details` property for more info.\",\"code\":\"VALIDATION_FAILED\",\"details\":[{\"path\":\"/paiddays\",\"code\":\"type\",\"message\":\"must be string\",\"info\":{\"type\":\"string\"}}]}}","level":"info"}
{"message":422,"level":"info"}
{"message":"{\"error\":{\"statusCode\":422,\"name\":\"UnprocessableEntityError\",\"message\":\"The request body is invalid. See error object `details` property for more info.\",\"code\":\"VALIDATION_FAILED\",\"details\":[{\"path\":\"/paiddays\",\"code\":\"type\",\"message\":\"must be string\",\"info\":{\"type\":\"string\"}}]}}","level":"info"}
{"message":422,"level":"info"}
{"message":"{\"error\":{\"statusCode\":422,\"name\":\"UnprocessableEntityError\",\"message\":\"The request body is invalid. See error object `details` property for more info.\",\"code\":\"VALIDATION_FAILED\",\"details\":[{\"path\":\"/paiddays\",\"code\":\"type\",\"message\":\"must be string\",\"info\":{\"type\":\"string\"}}]}}","level":"info"}
{"message":422,"level":"info"}
{"message":"{\"error\":{\"statusCode\":422,\"name\":\"UnprocessableEntityError\",\"message\":\"The request body is invalid. See error object `details` property for more info.\",\"code\":\"VALIDATION_FAILED\",\"details\":[{\"path\":\"/paiddays\",\"code\":\"type\",\"message\":\"must be string\",\"info\":{\"type\":\"string\"}}]}}","level":"info"}
{"message":422,"level":"info"}
{"message":"{\"error\":{\"statusCode\":422,\"name\":\"UnprocessableEntityError\",\"message\":\"The request body is invalid. See error object `details` property for more info.\",\"code\":\"VALIDATION_FAILED\",\"details\":[{\"path\":\"/paiddays\",\"code\":\"type\",\"message\":\"must be string\",\"info\":{\"type\":\"string\"}}]}}","level":"info"}
{"message":422,"level":"info"}
{"message":"{\"error\":{\"statusCode\":422,\"name\":\"UnprocessableEntityError\",\"message\":\"The request body is invalid. See error object `details` property for more info.\",\"code\":\"VALIDATION_FAILED\",\"details\":[{\"path\":\"/paiddays\",\"code\":\"type\",\"message\":\"must be string\",\"info\":{\"type\":\"string\"}}]}}","level":"info"}
{"message":422,"level":"info"}
{"message":"{\"error\":{\"statusCode\":422,\"name\":\"UnprocessableEntityError\",\"message\":\"The request body is invalid. See error object `details` property for more info.\",\"code\":\"VALIDATION_FAILED\",\"details\":[{\"path\":\"/paiddays\",\"code\":\"type\",\"message\":\"must be string\",\"info\":{\"type\":\"string\"}}]}}","level":"info"}
{"message":422,"level":"info"}
{"message":"{\"error\":{\"statusCode\":422,\"name\":\"UnprocessableEntityError\",\"message\":\"The request body is invalid. See error object `details` property for more info.\",\"code\":\"VALIDATION_FAILED\",\"details\":[{\"path\":\"/paiddays\",\"code\":\"type\",\"message\":\"must be string\",\"info\":{\"type\":\"string\"}}]}}","level":"info"}
{"message":422,"level":"info"}
{"message":"{\"error\":{\"statusCode\":422,\"name\":\"UnprocessableEntityError\",\"message\":\"The request body is invalid. See error object `details` property for more info.\",\"code\":\"VALIDATION_FAILED\",\"details\":[{\"path\":\"/paiddays\",\"code\":\"type\",\"message\":\"must be string\",\"info\":{\"type\":\"string\"}}]}}","level":"info"}
{"message":422,"level":"info"}
{"message":"{\"error\":{\"statusCode\":422,\"name\":\"UnprocessableEntityError\",\"message\":\"The request body is invalid. See error object `details` property for more info.\",\"code\":\"VALIDATION_FAILED\",\"details\":[{\"path\":\"/paiddays\",\"code\":\"type\",\"message\":\"must be string\",\"info\":{\"type\":\"string\"}}]}}","level":"info"}
{"message":422,"level":"info"}
{"message":"{\"error\":{\"statusCode\":422,\"name\":\"UnprocessableEntityError\",\"message\":\"The request body is invalid. See error object `details` property for more info.\",\"code\":\"VALIDATION_FAILED\",\"details\":[{\"path\":\"/paiddays\",\"code\":\"type\",\"message\":\"must be string\",\"info\":{\"type\":\"string\"}}]}}","level":"info"}
{"message":422,"level":"info"}
{"message":"{\"error\":{\"statusCode\":422,\"name\":\"UnprocessableEntityError\",\"message\":\"The request body is invalid. See error object `details` property for more info.\",\"code\":\"VALIDATION_FAILED\",\"details\":[{\"path\":\"/paiddays\",\"code\":\"type\",\"message\":\"must be string\",\"info\":{\"type\":\"string\"}}]}}","level":"info"}
{"message":422,"level":"info"}
{"message":"{\"error\":{\"statusCode\":422,\"name\":\"UnprocessableEntityError\",\"message\":\"The request body is invalid. See error object `details` property for more info.\",\"code\":\"VALIDATION_FAILED\",\"details\":[{\"path\":\"/paiddays\",\"code\":\"type\",\"message\":\"must be string\",\"info\":{\"type\":\"string\"}}]}}","level":"info"}
{"message":422,"level":"info"}
{"message":"{\"error\":{\"statusCode\":422,\"name\":\"UnprocessableEntityError\",\"message\":\"The request body is invalid. See error object `details` property for more info.\",\"code\":\"VALIDATION_FAILED\",\"details\":[{\"path\":\"/paiddays\",\"code\":\"type\",\"message\":\"must be string\",\"info\":{\"type\":\"string\"}}]}}","level":"info"}
{"message":422,"level":"info"}
{"message":"{\"error\":{\"statusCode\":422,\"name\":\"UnprocessableEntityError\",\"message\":\"The request body is invalid. See error object `details` property for more info.\",\"code\":\"VALIDATION_FAILED\",\"details\":[{\"path\":\"/paiddays\",\"code\":\"type\",\"message\":\"must be string\",\"info\":{\"type\":\"string\"}}]}}","level":"info"}
{"message":422,"level":"info"}
{"message":"{\"error\":{\"statusCode\":422,\"name\":\"UnprocessableEntityError\",\"message\":\"The request body is invalid. See error object `details` property for more info.\",\"code\":\"VALIDATION_FAILED\",\"details\":[{\"path\":\"/paiddays\",\"code\":\"type\",\"message\":\"must be string\",\"info\":{\"type\":\"string\"}}]}}","level":"info"}
{"message":422,"level":"info"}
{"message":"{\"error\":{\"statusCode\":422,\"name\":\"UnprocessableEntityError\",\"message\":\"The request body is invalid. See error object `details` property for more info.\",\"code\":\"VALIDATION_FAILED\",\"details\":[{\"path\":\"/paiddays\",\"code\":\"type\",\"message\":\"must be string\",\"info\":{\"type\":\"string\"}}]}}","level":"info"}
{"message":422,"level":"info"}
{"message":"{\"error\":{\"statusCode\":422,\"name\":\"UnprocessableEntityError\",\"message\":\"The request body is invalid. See error object `details` property for more info.\",\"code\":\"VALIDATION_FAILED\",\"details\":[{\"path\":\"/paiddays\",\"code\":\"type\",\"message\":\"must be string\",\"info\":{\"type\":\"string\"}}]}}","level":"info"}
{"message":422,"level":"info"}
{"message":"{\"error\":{\"statusCode\":422,\"name\":\"UnprocessableEntityError\",\"message\":\"The request body is invalid. See error object `details` property for more info.\",\"code\":\"VALIDATION_FAILED\",\"details\":[{\"path\":\"/paiddays\",\"code\":\"type\",\"message\":\"must be string\",\"info\":{\"type\":\"string\"}}]}}","level":"info"}
{"message":422,"level":"info"}
{"message":"{\"error\":{\"statusCode\":422,\"name\":\"UnprocessableEntityError\",\"message\":\"The request body is invalid. See error object `details` property for more info.\",\"code\":\"VALIDATION_FAILED\",\"details\":[{\"path\":\"/paiddays\",\"code\":\"type\",\"message\":\"must be string\",\"info\":{\"type\":\"string\"}}]}}","level":"info"}
{"message":422,"level":"info"}
{"message":"{\"error\":{\"statusCode\":422,\"name\":\"UnprocessableEntityError\",\"message\":\"The request body is invalid. See error object `details` property for more info.\",\"code\":\"VALIDATION_FAILED\",\"details\":[{\"path\":\"/paiddays\",\"code\":\"type\",\"message\":\"must be string\",\"info\":{\"type\":\"string\"}}]}}","level":"info"}
{"message":422,"level":"info"}
{"message":"{\"error\":{\"statusCode\":422,\"name\":\"UnprocessableEntityError\",\"message\":\"The request body is invalid. See error object `details` property for more info.\",\"code\":\"VALIDATION_FAILED\",\"details\":[{\"path\":\"/paiddays\",\"code\":\"type\",\"message\":\"must be string\",\"info\":{\"type\":\"string\"}}]}}","level":"info"}
{"message":422,"level":"info"}
{"message":"{\"error\":{\"statusCode\":422,\"name\":\"UnprocessableEntityError\",\"message\":\"The request body is invalid. See error object `details` property for more info.\",\"code\":\"VALIDATION_FAILED\",\"details\":[{\"path\":\"/paiddays\",\"code\":\"type\",\"message\":\"must be string\",\"info\":{\"type\":\"string\"}}]}}","level":"info"}
{"message":422,"level":"info"}
{"message":"{\"error\":{\"statusCode\":422,\"name\":\"UnprocessableEntityError\",\"message\":\"The request body is invalid. See error object `details` property for more info.\",\"code\":\"VALIDATION_FAILED\",\"details\":[{\"path\":\"/paiddays\",\"code\":\"type\",\"message\":\"must be string\",\"info\":{\"type\":\"string\"}}]}}","level":"info"}
{"message":422,"level":"info"}
{"message":"{\"error\":{\"statusCode\":422,\"name\":\"UnprocessableEntityError\",\"message\":\"The request body is invalid. See error object `details` property for more info.\",\"code\":\"VALIDATION_FAILED\",\"details\":[{\"path\":\"/paiddays\",\"code\":\"type\",\"message\":\"must be string\",\"info\":{\"type\":\"string\"}}]}}","level":"info"}
{"message":422,"level":"info"}
{"message":"{\"error\":{\"statusCode\":422,\"name\":\"UnprocessableEntityError\",\"message\":\"The request body is invalid. See error object `details` property for more info.\",\"code\":\"VALIDATION_FAILED\",\"details\":[{\"path\":\"/paiddays\",\"code\":\"type\",\"message\":\"must be string\",\"info\":{\"type\":\"string\"}}]}}","level":"info"}
{"message":422,"level":"info"}
{"message":"{\"error\":{\"statusCode\":422,\"name\":\"UnprocessableEntityError\",\"message\":\"The request body is invalid. See error object `details` property for more info.\",\"code\":\"VALIDATION_FAILED\",\"details\":[{\"path\":\"/paiddays\",\"code\":\"type\",\"message\":\"must be string\",\"info\":{\"type\":\"string\"}}]}}","level":"info"}
{"message":422,"level":"info"}
{"message":"{\"error\":{\"statusCode\":422,\"name\":\"UnprocessableEntityError\",\"message\":\"The request body is invalid. See error object `details` property for more info.\",\"code\":\"VALIDATION_FAILED\",\"details\":[{\"path\":\"/paiddays\",\"code\":\"type\",\"message\":\"must be string\",\"info\":{\"type\":\"string\"}}]}}","level":"info"}
{"message":422,"level":"info"}
{"message":"{\"error\":{\"statusCode\":422,\"name\":\"UnprocessableEntityError\",\"message\":\"The request body is invalid. See error object `details` property for more info.\",\"code\":\"VALIDATION_FAILED\",\"details\":[{\"path\":\"/paiddays\",\"code\":\"type\",\"message\":\"must be string\",\"info\":{\"type\":\"string\"}}]}}","level":"info"}
{"message":422,"level":"info"}
{"message":"{\"error\":{\"statusCode\":422,\"name\":\"UnprocessableEntityError\",\"message\":\"The request body is invalid. See error object `details` property for more info.\",\"code\":\"VALIDATION_FAILED\",\"details\":[{\"path\":\"/paiddays\",\"code\":\"type\",\"message\":\"must be string\",\"info\":{\"type\":\"string\"}}]}}","level":"info"}
{"message":422,"level":"info"}
{"message":"{\"error\":{\"statusCode\":422,\"name\":\"UnprocessableEntityError\",\"message\":\"The request body is invalid. See error object `details` property for more info.\",\"code\":\"VALIDATION_FAILED\",\"details\":[{\"path\":\"/paiddays\",\"code\":\"type\",\"message\":\"must be string\",\"info\":{\"type\":\"string\"}}]}}","level":"info"}
{"message":422,"level":"info"}
{"message":"{\"error\":{\"statusCode\":422,\"name\":\"UnprocessableEntityError\",\"message\":\"The request body is invalid. See error object `details` property for more info.\",\"code\":\"VALIDATION_FAILED\",\"details\":[{\"path\":\"/paiddays\",\"code\":\"type\",\"message\":\"must be string\",\"info\":{\"type\":\"string\"}}]}}","level":"info"}
{"message":422,"level":"info"}
{"message":"{\"error\":{\"statusCode\":422,\"name\":\"UnprocessableEntityError\",\"message\":\"The request body is invalid. See error object `details` property for more info.\",\"code\":\"VALIDATION_FAILED\",\"details\":[{\"path\":\"/paiddays\",\"code\":\"type\",\"message\":\"must be string\",\"info\":{\"type\":\"string\"}}]}}","level":"info"}
{"message":422,"level":"info"}
{"message":"{\"error\":{\"statusCode\":422,\"name\":\"UnprocessableEntityError\",\"message\":\"The request body is invalid. See error object `details` property for more info.\",\"code\":\"VALIDATION_FAILED\",\"details\":[{\"path\":\"/paiddays\",\"code\":\"type\",\"message\":\"must be string\",\"info\":{\"type\":\"string\"}}]}}","level":"info"}
{"message":422,"level":"info"}
{"message":"{\"error\":{\"statusCode\":422,\"name\":\"UnprocessableEntityError\",\"message\":\"The request body is invalid. See error object `details` property for more info.\",\"code\":\"VALIDATION_FAILED\",\"details\":[{\"path\":\"/paiddays\",\"code\":\"type\",\"message\":\"must be string\",\"info\":{\"type\":\"string\"}}]}}","level":"info"}
{"message":422,"level":"info"}
{"message":"{\"error\":{\"statusCode\":422,\"name\":\"UnprocessableEntityError\",\"message\":\"The request body is invalid. See error object `details` property for more info.\",\"code\":\"VALIDATION_FAILED\",\"details\":[{\"path\":\"/paiddays\",\"code\":\"type\",\"message\":\"must be string\",\"info\":{\"type\":\"string\"}}]}}","level":"info"}
{"message":422,"level":"info"}
{"message":"{\"error\":{\"statusCode\":422,\"name\":\"UnprocessableEntityError\",\"message\":\"The request body is invalid. See error object `details` property for more info.\",\"code\":\"VALIDATION_FAILED\",\"details\":[{\"path\":\"/paiddays\",\"code\":\"type\",\"message\":\"must be string\",\"info\":{\"type\":\"string\"}}]}}","level":"info"}
{"message":422,"level":"info"}
{"message":"{\"error\":{\"statusCode\":422,\"name\":\"UnprocessableEntityError\",\"message\":\"The request body is invalid. See error object `details` property for more info.\",\"code\":\"VALIDATION_FAILED\",\"details\":[{\"path\":\"/paiddays\",\"code\":\"type\",\"message\":\"must be string\",\"info\":{\"type\":\"string\"}}]}}","level":"info"}
{"message":422,"level":"info"}
{"message":"{\"error\":{\"statusCode\":422,\"name\":\"UnprocessableEntityError\",\"message\":\"The request body is invalid. See error object `details` property for more info.\",\"code\":\"VALIDATION_FAILED\",\"details\":[{\"path\":\"/paiddays\",\"code\":\"type\",\"message\":\"must be string\",\"info\":{\"type\":\"string\"}}]}}","level":"info"}
{"message":422,"level":"info"}
{"message":"{\"error\":{\"statusCode\":422,\"name\":\"UnprocessableEntityError\",\"message\":\"The request body is invalid. See error object `details` property for more info.\",\"code\":\"VALIDATION_FAILED\",\"details\":[{\"path\":\"/paiddays\",\"code\":\"type\",\"message\":\"must be string\",\"info\":{\"type\":\"string\"}}]}}","level":"info"}
{"message":422,"level":"info"}
{"message":"{\"error\":{\"statusCode\":422,\"name\":\"UnprocessableEntityError\",\"message\":\"The request body is invalid. See error object `details` property for more info.\",\"code\":\"VALIDATION_FAILED\",\"details\":[{\"path\":\"/paiddays\",\"code\":\"type\",\"message\":\"must be string\",\"info\":{\"type\":\"string\"}}]}}","level":"info"}
{"message":422,"level":"info"}
{"message":"{\"error\":{\"statusCode\":422,\"name\":\"UnprocessableEntityError\",\"message\":\"The request body is invalid. See error object `details` property for more info.\",\"code\":\"VALIDATION_FAILED\",\"details\":[{\"path\":\"/paiddays\",\"code\":\"type\",\"message\":\"must be string\",\"info\":{\"type\":\"string\"}}]}}","level":"info"}
{"message":422,"level":"info"}
{"message":"{\"error\":{\"statusCode\":422,\"name\":\"UnprocessableEntityError\",\"message\":\"The request body is invalid. See error object `details` property for more info.\",\"code\":\"VALIDATION_FAILED\",\"details\":[{\"path\":\"/paiddays\",\"code\":\"type\",\"message\":\"must be string\",\"info\":{\"type\":\"string\"}}]}}","level":"info"}
{"message":422,"level":"info"}
{"message":"{\"error\":{\"statusCode\":422,\"name\":\"UnprocessableEntityError\",\"message\":\"The request body is invalid. See error object `details` property for more info.\",\"code\":\"VALIDATION_FAILED\",\"details\":[{\"path\":\"/paiddays\",\"code\":\"type\",\"message\":\"must be string\",\"info\":{\"type\":\"string\"}}]}}","level":"info"}
{"message":422,"level":"info"}
{"message":"{\"error\":{\"statusCode\":422,\"name\":\"UnprocessableEntityError\",\"message\":\"The request body is invalid. See error object `details` property for more info.\",\"code\":\"VALIDATION_FAILED\",\"details\":[{\"path\":\"/paiddays\",\"code\":\"type\",\"message\":\"must be string\",\"info\":{\"type\":\"string\"}}]}}","level":"info"}
{"message":422,"level":"info"}
{"message":"{\"error\":{\"statusCode\":422,\"name\":\"UnprocessableEntityError\",\"message\":\"The request body is invalid. See error object `details` property for more info.\",\"code\":\"VALIDATION_FAILED\",\"details\":[{\"path\":\"/paiddays\",\"code\":\"type\",\"message\":\"must be string\",\"info\":{\"type\":\"string\"}}]}}","level":"info"}
{"message":422,"level":"info"}
{"message":"{\"error\":{\"statusCode\":422,\"name\":\"UnprocessableEntityError\",\"message\":\"The request body is invalid. See error object `details` property for more info.\",\"code\":\"VALIDATION_FAILED\",\"details\":[{\"path\":\"/paiddays\",\"code\":\"type\",\"message\":\"must be string\",\"info\":{\"type\":\"string\"}}]}}","level":"info"}
{"message":422,"level":"info"}
{"message":"{\"error\":{\"statusCode\":422,\"name\":\"UnprocessableEntityError\",\"message\":\"The request body is invalid. See error object `details` property for more info.\",\"code\":\"VALIDATION_FAILED\",\"details\":[{\"path\":\"/paiddays\",\"code\":\"type\",\"message\":\"must be string\",\"info\":{\"type\":\"string\"}}]}}","level":"info"}
{"message":422,"level":"info"}
{"message":"{\"error\":{\"statusCode\":422,\"name\":\"UnprocessableEntityError\",\"message\":\"The request body is invalid. See error object `details` property for more info.\",\"code\":\"VALIDATION_FAILED\",\"details\":[{\"path\":\"/paiddays\",\"code\":\"type\",\"message\":\"must be string\",\"info\":{\"type\":\"string\"}}]}}","level":"info"}
{"message":422,"level":"info"}
{"message":"{\"error\":{\"statusCode\":422,\"name\":\"UnprocessableEntityError\",\"message\":\"The request body is invalid. See error object `details` property for more info.\",\"code\":\"VALIDATION_FAILED\",\"details\":[{\"path\":\"/paiddays\",\"code\":\"type\",\"message\":\"must be string\",\"info\":{\"type\":\"string\"}}]}}","level":"info"}
{"message":422,"level":"info"}
{"message":"{\"error\":{\"statusCode\":422,\"name\":\"UnprocessableEntityError\",\"message\":\"The request body is invalid. See error object `details` property for more info.\",\"code\":\"VALIDATION_FAILED\",\"details\":[{\"path\":\"/paiddays\",\"code\":\"type\",\"message\":\"must be string\",\"info\":{\"type\":\"string\"}}]}}","level":"info"}
{"message":422,"level":"info"}
{"message":"{\"error\":{\"statusCode\":422,\"name\":\"UnprocessableEntityError\",\"message\":\"The request body is invalid. See error object `details` property for more info.\",\"code\":\"VALIDATION_FAILED\",\"details\":[{\"path\":\"/paiddays\",\"code\":\"type\",\"message\":\"must be string\",\"info\":{\"type\":\"string\"}}]}}","level":"info"}
{"message":422,"level":"info"}
{"message":"{\"error\":{\"statusCode\":422,\"name\":\"UnprocessableEntityError\",\"message\":\"The request body is invalid. See error object `details` property for more info.\",\"code\":\"VALIDATION_FAILED\",\"details\":[{\"path\":\"/paiddays\",\"code\":\"type\",\"message\":\"must be string\",\"info\":{\"type\":\"string\"}}]}}","level":"info"}
{"message":422,"level":"info"}
{"message":"{\"error\":{\"statusCode\":422,\"name\":\"UnprocessableEntityError\",\"message\":\"The request body is invalid. See error object `details` property for more info.\",\"code\":\"VALIDATION_FAILED\",\"details\":[{\"path\":\"/paiddays\",\"code\":\"type\",\"message\":\"must be string\",\"info\":{\"type\":\"string\"}}]}}","level":"info"}
{"message":422,"level":"info"}
{"message":"{\"error\":{\"statusCode\":422,\"name\":\"UnprocessableEntityError\",\"message\":\"The request body is invalid. See error object `details` property for more info.\",\"code\":\"VALIDATION_FAILED\",\"details\":[{\"path\":\"/paiddays\",\"code\":\"type\",\"message\":\"must be string\",\"info\":{\"type\":\"string\"}}]}}","level":"info"}
{"message":200,"level":"info"}
{"message":"{\"empfinancialid\":201,\"ctc\":\"427.66\",\"hra\":\"271.93\",\"aca\":\"83.96\",\"bonus\":\"827.43\",\"paiddays\":3562,\"pfemployer\":\"783.96\",\"esiemployer\":\"113.66\",\"pfemployee\":\"62.53\",\"esiemployee\":\"272.27\",\"professionaltax\":\"468.22\",\"gmcngpa\":\"695.40\",\"tds\":\"273.44\",\"salaryadvance\":\"866.31\",\"lwf\":\"166.40\",\"otherdeductions\":\"374.66\",\"otherallowances\":\"535.48\",\"creditingbank\":\"nulla doloremque vel\"}","level":"info"}
{"message":200,"level":"info"}
{"message":"{\"empfinancialid\":202,\"ctc\":\"395.21\",\"hra\":\"620.92\",\"aca\":\"36.98\",\"bonus\":\"619.03\",\"paiddays\":3477,\"pfemployer\":\"484.73\",\"esiemployer\":\"703.50\",\"pfemployee\":\"375.41\",\"esiemployee\":\"332.52\",\"professionaltax\":\"968.46\",\"gmcngpa\":\"606.94\",\"tds\":\"17.49\",\"salaryadvance\":\"829.47\",\"lwf\":\"683.06\",\"otherdeductions\":\"451.09\",\"otherallowances\":\"890.83\",\"creditingbank\":\"suscipit voluptatem laborum\"}","level":"info"}
{"message":200,"level":"info"}
{"message":"{\"empfinancialid\":203,\"ctc\":\"706.04\",\"hra\":\"592.42\",\"aca\":\"67.11\",\"bonus\":\"249.11\",\"paiddays\":65611,\"pfemployer\":\"544.20\",\"esiemployer\":\"439.34\",\"pfemployee\":\"894.78\",\"esiemployee\":\"533.52\",\"professionaltax\":\"469.33\",\"gmcngpa\":\"66.34\",\"tds\":\"84.84\",\"salaryadvance\":\"5.54\",\"lwf\":\"688.51\",\"otherdeductions\":\"689.36\",\"otherallowances\":\"39.58\",\"creditingbank\":\"amet tenetur reprehenderit\"}","level":"info"}
{"message":200,"level":"info"}
{"message":"{\"empfinancialid\":206,\"ctc\":\"918.62\",\"hra\":\"853.70\",\"aca\":\"13.98\",\"bonus\":\"522.23\",\"paiddays\":60320,\"pfemployer\":\"88.48\",\"esiemployer\":\"220.07\",\"pfemployee\":\"713.07\",\"esiemployee\":\"133.06\",\"professionaltax\":\"732.81\",\"gmcngpa\":\"964.93\",\"tds\":\"112.98\",\"salaryadvance\":\"578.04\",\"lwf\":\"161.45\",\"otherdeductions\":\"890.17\",\"otherallowances\":\"359.98\",\"creditingbank\":\"consequatur repellat qui\"}","level":"info"}
{"message":200,"level":"info"}
{"message":"{\"empfinancialid\":204,\"ctc\":\"289.08\",\"hra\":\"674.91\",\"aca\":\"490.19\",\"bonus\":\"843.96\",\"paiddays\":76768,\"pfemployer\":\"635.18\",\"esiemployer\":\"173.15\",\"pfemployee\":\"997.89\",\"esiemployee\":\"784.28\",\"professionaltax\":\"853.80\",\"gmcngpa\":\"698.99\",\"tds\":\"832.71\",\"salaryadvance\":\"812.61\",\"lwf\":\"340.65\",\"otherdeductions\":\"716.45\",\"otherallowances\":\"693.56\",\"creditingbank\":\"eos eligendi id\"}","level":"info"}
{"message":200,"level":"info"}
{"message":"{\"empfinancialid\":205,\"ctc\":\"835.35\",\"hra\":\"171.61\",\"aca\":\"856.48\",\"bonus\":\"614.04\",\"paiddays\":31390,\"pfemployer\":\"804.81\",\"esiemployer\":\"818.08\",\"pfemployee\":\"810.29\",\"esiemployee\":\"976.40\",\"professionaltax\":\"920.26\",\"gmcngpa\":\"214.28\",\"tds\":\"165.77\",\"salaryadvance\":\"291.20\",\"lwf\":\"697.04\",\"otherdeductions\":\"923.56\",\"otherallowances\":\"391.22\",\"creditingbank\":\"voluptas nobis nostrum\"}","level":"info"}
{"message":200,"level":"info"}
{"message":"{\"empfinancialid\":207,\"ctc\":\"567.82\",\"hra\":\"351.76\",\"aca\":\"694.76\",\"bonus\":\"525.17\",\"paiddays\":66401,\"pfemployer\":\"580.07\",\"esiemployer\":\"88.24\",\"pfemployee\":\"759.67\",\"esiemployee\":\"914.00\",\"professionaltax\":\"772.49\",\"gmcngpa\":\"535.05\",\"tds\":\"275.15\",\"salaryadvance\":\"699.10\",\"lwf\":\"350.01\",\"otherdeductions\":\"118.93\",\"otherallowances\":\"33.27\",\"creditingbank\":\"voluptatem quia omnis\"}","level":"info"}
{"message":200,"level":"info"}
{"message":"{\"empfinancialid\":208,\"ctc\":\"806.83\",\"hra\":\"758.54\",\"aca\":\"80.35\",\"bonus\":\"227.50\",\"paiddays\":65444,\"pfemployer\":\"709.44\",\"esiemployer\":\"249.69\",\"pfemployee\":\"413.46\",\"esiemployee\":\"170.59\",\"professionaltax\":\"824.67\",\"gmcngpa\":\"502.62\",\"tds\":\"228.35\",\"salaryadvance\":\"383.52\",\"lwf\":\"631.52\",\"otherdeductions\":\"569.44\",\"otherallowances\":\"592.54\",\"creditingbank\":\"atque ad autem\"}","level":"info"}
{"message":200,"level":"info"}
{"message":"{\"empfinancialid\":209,\"ctc\":\"178.17\",\"hra\":\"146.53\",\"aca\":\"412.91\",\"bonus\":\"912.82\",\"paiddays\":28908,\"pfemployer\":\"184.17\",\"esiemployer\":\"548.87\",\"pfemployee\":\"6.18\",\"esiemployee\":\"377.98\",\"professionaltax\":\"180.15\",\"gmcngpa\":\"842.05\",\"tds\":\"363.92\",\"salaryadvance\":\"234.47\",\"lwf\":\"776.18\",\"otherdeductions\":\"247.87\",\"otherallowances\":\"315.51\",\"creditingbank\":\"quisquam nesciunt enim\"}","level":"info"}
{"message":200,"level":"info"}
{"message":"{\"empfinancialid\":210,\"ctc\":\"757.07\",\"hra\":\"790.97\",\"aca\":\"98.41\",\"bonus\":\"62.02\",\"paiddays\":12471,\"pfemployer\":\"442.36\",\"esiemployer\":\"350.36\",\"pfemployee\":\"544.37\",\"esiemployee\":\"434.27\",\"professionaltax\":\"361.05\",\"gmcngpa\":\"398.63\",\"tds\":\"148.69\",\"salaryadvance\":\"89.89\",\"lwf\":\"288.86\",\"otherdeductions\":\"434.65\",\"otherallowances\":\"893.92\",\"creditingbank\":\"consequatur quia occaecati\"}","level":"info"}
{"message":200,"level":"info"}
{"message":"{\"empfinancialid\":211,\"ctc\":\"201.82\",\"hra\":\"438.42\",\"aca\":\"711.59\",\"bonus\":\"79.53\",\"paiddays\":33833,\"pfemployer\":\"958.16\",\"esiemployer\":\"734.39\",\"pfemployee\":\"227.94\",\"esiemployee\":\"447.55\",\"professionaltax\":\"634.65\",\"gmcngpa\":\"182.31\",\"tds\":\"646.83\",\"salaryadvance\":\"771.90\",\"lwf\":\"625.16\",\"otherdeductions\":\"7.39\",\"otherallowances\":\"320.02\",\"creditingbank\":\"et voluptas dolor\"}","level":"info"}
{"message":200,"level":"info"}
{"message":"{\"empfinancialid\":212,\"ctc\":\"833.43\",\"hra\":\"625.43\",\"aca\":\"930.11\",\"bonus\":\"760.03\",\"paiddays\":28793,\"pfemployer\":\"977.13\",\"esiemployer\":\"696.51\",\"pfemployee\":\"486.97\",\"esiemployee\":\"773.71\",\"professionaltax\":\"792.43\",\"gmcngpa\":\"344.88\",\"tds\":\"114.88\",\"salaryadvance\":\"531.35\",\"lwf\":\"427.66\",\"otherdeductions\":\"762.36\",\"otherallowances\":\"308.97\",\"creditingbank\":\"voluptas dolorem modi\"}","level":"info"}
{"message":200,"level":"info"}
{"message":"{\"empfinancialid\":213,\"ctc\":\"689.77\",\"hra\":\"474.20\",\"aca\":\"108.54\",\"bonus\":\"435.98\",\"paiddays\":25320,\"pfemployer\":\"977.66\",\"esiemployer\":\"876.58\",\"pfemployee\":\"177.56\",\"esiemployee\":\"821.92\",\"professionaltax\":\"172.04\",\"gmcngpa\":\"323.25\",\"tds\":\"756.97\",\"salaryadvance\":\"877.54\",\"lwf\":\"919.20\",\"otherdeductions\":\"347.34\",\"otherallowances\":\"600.06\",\"creditingbank\":\"consequatur aut odit\"}","level":"info"}
{"message":200,"level":"info"}
{"message":"{\"empfinancialid\":214,\"ctc\":\"405.12\",\"hra\":\"479.74\",\"aca\":\"318.87\",\"bonus\":\"870.99\",\"paiddays\":30125,\"pfemployer\":\"926.67\",\"esiemployer\":\"207.49\",\"pfemployee\":\"655.12\",\"esiemployee\":\"418.44\",\"professionaltax\":\"684.73\",\"gmcngpa\":\"2.15\",\"tds\":\"402.29\",\"salaryadvance\":\"246.04\",\"lwf\":\"402.89\",\"otherdeductions\":\"323.46\",\"otherallowances\":\"939.03\",\"creditingbank\":\"et rem odit\"}","level":"info"}
{"message":200,"level":"info"}
{"message":"{\"empfinancialid\":215,\"ctc\":\"135.10\",\"hra\":\"868.51\",\"aca\":\"944.74\",\"bonus\":\"730.66\",\"paiddays\":77905,\"pfemployer\":\"546.08\",\"esiemployer\":\"812.34\",\"pfemployee\":\"433.80\",\"esiemployee\":\"339.07\",\"professionaltax\":\"468.45\",\"gmcngpa\":\"732.15\",\"tds\":\"34.60\",\"salaryadvance\":\"358.12\",\"lwf\":\"879.68\",\"otherdeductions\":\"837.64\",\"otherallowances\":\"98.47\",\"creditingbank\":\"et ab qui\"}","level":"info"}
{"message":200,"level":"info"}
{"message":"{\"empfinancialid\":216,\"ctc\":\"865.63\",\"hra\":\"915.51\",\"aca\":\"521.84\",\"bonus\":\"916.41\",\"paiddays\":21551,\"pfemployer\":\"336.66\",\"esiemployer\":\"287.54\",\"pfemployee\":\"142.26\",\"esiemployee\":\"214.17\",\"professionaltax\":\"922.67\",\"gmcngpa\":\"516.14\",\"tds\":\"109.81\",\"salaryadvance\":\"190.85\",\"lwf\":\"194.81\",\"otherdeductions\":\"167.03\",\"otherallowances\":\"260.61\",\"creditingbank\":\"et eveniet quasi\"}","level":"info"}
{"message":200,"level":"info"}
{"message":"{\"empfinancialid\":217,\"ctc\":\"150.36\",\"hra\":\"755.05\",\"aca\":\"664.14\",\"bonus\":\"13.94\",\"paiddays\":9515,\"pfemployer\":\"76.91\",\"esiemployer\":\"39.92\",\"pfemployee\":\"801.91\",\"esiemployee\":\"775.09\",\"professionaltax\":\"863.36\",\"gmcngpa\":\"222.88\",\"tds\":\"572.08\",\"salaryadvance\":\"635.94\",\"lwf\":\"297.18\",\"otherdeductions\":\"412.53\",\"otherallowances\":\"454.40\",\"creditingbank\":\"voluptas eaque ipsam\"}","level":"info"}
{"message":200,"level":"info"}
{"message":"{\"empfinancialid\":218,\"ctc\":\"97.34\",\"hra\":\"57.08\",\"aca\":\"618.07\",\"bonus\":\"85.64\",\"paiddays\":27906,\"pfemployer\":\"840.81\",\"esiemployer\":\"979.43\",\"pfemployee\":\"786.04\",\"esiemployee\":\"760.38\",\"professionaltax\":\"641.71\",\"gmcngpa\":\"727.89\",\"tds\":\"582.92\",\"salaryadvance\":\"22.25\",\"lwf\":\"250.84\",\"otherdeductions\":\"34.56\",\"otherallowances\":\"722.29\",\"creditingbank\":\"enim id in\"}","level":"info"}
{"message":200,"level":"info"}
{"message":"{\"empfinancialid\":219,\"ctc\":\"908.10\",\"hra\":\"8.75\",\"aca\":\"32.15\",\"bonus\":\"39.67\",\"paiddays\":31164,\"pfemployer\":\"765.50\",\"esiemployer\":\"866.36\",\"pfemployee\":\"565.86\",\"esiemployee\":\"5.00\",\"professionaltax\":\"479.17\",\"gmcngpa\":\"381.73\",\"tds\":\"395.61\",\"salaryadvance\":\"36.08\",\"lwf\":\"929.43\",\"otherdeductions\":\"281.98\",\"otherallowances\":\"438.14\",\"creditingbank\":\"et quaerat voluptatum\"}","level":"info"}
{"message":200,"level":"info"}
{"message":"{\"empfinancialid\":220,\"ctc\":\"628.85\",\"hra\":\"808.16\",\"aca\":\"450.00\",\"bonus\":\"879.65\",\"paiddays\":52112,\"pfemployer\":\"479.72\",\"esiemployer\":\"957.71\",\"pfemployee\":\"125.09\",\"esiemployee\":\"461.14\",\"professionaltax\":\"784.39\",\"gmcngpa\":\"815.91\",\"tds\":\"151.53\",\"salaryadvance\":\"980.88\",\"lwf\":\"822.17\",\"otherdeductions\":\"877.70\",\"otherallowances\":\"163.35\",\"creditingbank\":\"ea blanditiis sint\"}","level":"info"}
{"message":200,"level":"info"}
{"message":"{\"empfinancialid\":221,\"ctc\":\"953.46\",\"hra\":\"575.43\",\"aca\":\"77.85\",\"bonus\":\"526.22\",\"paiddays\":23106,\"pfemployer\":\"703.35\",\"esiemployer\":\"836.88\",\"pfemployee\":\"18.22\",\"esiemployee\":\"215.63\",\"professionaltax\":\"804.74\",\"gmcngpa\":\"172.68\",\"tds\":\"315.80\",\"salaryadvance\":\"928.28\",\"lwf\":\"611.64\",\"otherdeductions\":\"666.20\",\"otherallowances\":\"656.23\",\"creditingbank\":\"facere sit repudiandae\"}","level":"info"}
{"message":200,"level":"info"}
{"message":"{\"empfinancialid\":222,\"ctc\":\"842.39\",\"hra\":\"377.17\",\"aca\":\"992.39\",\"bonus\":\"389.05\",\"paiddays\":97825,\"pfemployer\":\"917.35\",\"esiemployer\":\"533.68\",\"pfemployee\":\"730.49\",\"esiemployee\":\"845.05\",\"professionaltax\":\"502.86\",\"gmcngpa\":\"6.65\",\"tds\":\"713.11\",\"salaryadvance\":\"840.09\",\"lwf\":\"367.92\",\"otherdeductions\":\"29.81\",\"otherallowances\":\"809.42\",\"creditingbank\":\"itaque quis sint\"}","level":"info"}
{"message":200,"level":"info"}
{"message":"{\"empfinancialid\":223,\"ctc\":\"331.53\",\"hra\":\"195.94\",\"aca\":\"259.14\",\"bonus\":\"465.53\",\"paiddays\":32749,\"pfemployer\":\"513.82\",\"esiemployer\":\"849.17\",\"pfemployee\":\"96.13\",\"esiemployee\":\"7.32\",\"professionaltax\":\"438.41\",\"gmcngpa\":\"662.82\",\"tds\":\"48.25\",\"salaryadvance\":\"612.55\",\"lwf\":\"908.78\",\"otherdeductions\":\"628.38\",\"otherallowances\":\"476.62\",\"creditingbank\":\"sequi magni error\"}","level":"info"}
{"message":200,"level":"info"}
{"message":"{\"empfinancialid\":224,\"ctc\":\"975.95\",\"hra\":\"858.64\",\"aca\":\"609.07\",\"bonus\":\"441.64\",\"paiddays\":92772,\"pfemployer\":\"372.55\",\"esiemployer\":\"320.45\",\"pfemployee\":\"157.31\",\"esiemployee\":\"632.65\",\"professionaltax\":\"485.04\",\"gmcngpa\":\"879.72\",\"tds\":\"569.42\",\"salaryadvance\":\"738.80\",\"lwf\":\"882.87\",\"otherdeductions\":\"317.31\",\"otherallowances\":\"787.57\",\"creditingbank\":\"voluptatem et optio\"}","level":"info"}
{"message":200,"level":"info"}
{"message":"{\"empfinancialid\":225,\"ctc\":\"168.51\",\"hra\":\"943.64\",\"aca\":\"383.54\",\"bonus\":\"518.52\",\"paiddays\":69240,\"pfemployer\":\"632.41\",\"esiemployer\":\"351.20\",\"pfemployee\":\"767.32\",\"esiemployee\":\"121.15\",\"professionaltax\":\"269.81\",\"gmcngpa\":\"771.94\",\"tds\":\"480.25\",\"salaryadvance\":\"663.94\",\"lwf\":\"620.08\",\"otherdeductions\":\"667.91\",\"otherallowances\":\"185.17\",\"creditingbank\":\"laboriosam non iste\"}","level":"info"}
{"message":200,"level":"info"}
{"message":"{\"empfinancialid\":226,\"ctc\":\"35.32\",\"hra\":\"527.43\",\"aca\":\"307.03\",\"bonus\":\"555.88\",\"paiddays\":4585,\"pfemployer\":\"149.59\",\"esiemployer\":\"738.73\",\"pfemployee\":\"241.32\",\"esiemployee\":\"285.82\",\"professionaltax\":\"750.88\",\"gmcngpa\":\"772.99\",\"tds\":\"919.80\",\"salaryadvance\":\"6.42\",\"lwf\":\"915.38\",\"otherdeductions\":\"616.73\",\"otherallowances\":\"955.76\",\"creditingbank\":\"eum qui reiciendis\"}","level":"info"}
{"message":200,"level":"info"}
{"message":"{\"empfinancialid\":227,\"ctc\":\"902.66\",\"hra\":\"492.48\",\"aca\":\"210.93\",\"bonus\":\"96.82\",\"paiddays\":63586,\"pfemployer\":\"340.94\",\"esiemployer\":\"891.28\",\"pfemployee\":\"149.51\",\"esiemployee\":\"314.18\",\"professionaltax\":\"213.92\",\"gmcngpa\":\"962.04\",\"tds\":\"920.27\",\"salaryadvance\":\"682.78\",\"lwf\":\"714.93\",\"otherdeductions\":\"454.41\",\"otherallowances\":\"162.93\",\"creditingbank\":\"omnis blanditiis eum\"}","level":"info"}
{"message":200,"level":"info"}
{"message":"{\"empfinancialid\":228,\"ctc\":\"809.68\",\"hra\":\"909.03\",\"aca\":\"75.74\",\"bonus\":\"338.47\",\"paiddays\":57114,\"pfemployer\":\"691.58\",\"esiemployer\":\"905.09\",\"pfemployee\":\"772.91\",\"esiemployee\":\"564.36\",\"professionaltax\":\"144.42\",\"gmcngpa\":\"645.56\",\"tds\":\"664.29\",\"salaryadvance\":\"914.67\",\"lwf\":\"292.21\",\"otherdeductions\":\"725.48\",\"otherallowances\":\"599.58\",\"creditingbank\":\"minima ea a\"}","level":"info"}
{"message":200,"level":"info"}
{"message":"{\"empfinancialid\":229,\"ctc\":\"538.64\",\"hra\":\"444.62\",\"aca\":\"62.10\",\"bonus\":\"549.91\",\"paiddays\":95210,\"pfemployer\":\"301.12\",\"esiemployer\":\"348.89\",\"pfemployee\":\"794.86\",\"esiemployee\":\"97.16\",\"professionaltax\":\"246.62\",\"gmcngpa\":\"196.78\",\"tds\":\"515.92\",\"salaryadvance\":\"781.16\",\"lwf\":\"716.25\",\"otherdeductions\":\"753.84\",\"otherallowances\":\"329.73\",\"creditingbank\":\"et et rerum\"}","level":"info"}
{"message":200,"level":"info"}
{"message":"{\"empfinancialid\":230,\"ctc\":\"181.16\",\"hra\":\"456.34\",\"aca\":\"489.83\",\"bonus\":\"101.40\",\"paiddays\":9367,\"pfemployer\":\"590.85\",\"esiemployer\":\"944.19\",\"pfemployee\":\"879.73\",\"esiemployee\":\"955.58\",\"professionaltax\":\"760.59\",\"gmcngpa\":\"81.80\",\"tds\":\"501.16\",\"salaryadvance\":\"340.84\",\"lwf\":\"173.34\",\"otherdeductions\":\"526.13\",\"otherallowances\":\"278.84\",\"creditingbank\":\"rerum veritatis reprehenderit\"}","level":"info"}
{"message":200,"level":"info"}
{"message":"{\"empfinancialid\":231,\"ctc\":\"200.34\",\"hra\":\"187.01\",\"aca\":\"306.51\",\"bonus\":\"634.85\",\"paiddays\":13617,\"pfemployer\":\"407.68\",\"esiemployer\":\"442.28\",\"pfemployee\":\"191.39\",\"esiemployee\":\"621.36\",\"professionaltax\":\"581.03\",\"gmcngpa\":\"337.87\",\"tds\":\"556.71\",\"salaryadvance\":\"917.20\",\"lwf\":\"180.29\",\"otherdeductions\":\"184.99\",\"otherallowances\":\"9.43\",\"creditingbank\":\"est nulla omnis\"}","level":"info"}
{"message":200,"level":"info"}
{"message":"{\"empfinancialid\":232,\"ctc\":\"302.35\",\"hra\":\"390.96\",\"aca\":\"541.55\",\"bonus\":\"300.17\",\"paiddays\":42423,\"pfemployer\":\"942.90\",\"esiemployer\":\"975.22\",\"pfemployee\":\"322.30\",\"esiemployee\":\"81.70\",\"professionaltax\":\"806.28\",\"gmcngpa\":\"627.18\",\"tds\":\"876.97\",\"salaryadvance\":\"947.45\",\"lwf\":\"898.15\",\"otherdeductions\":\"515.96\",\"otherallowances\":\"547.46\",\"creditingbank\":\"voluptatem quaerat sunt\"}","level":"info"}
{"message":200,"level":"info"}
{"message":"{\"empfinancialid\":233,\"ctc\":\"472.53\",\"hra\":\"283.68\",\"aca\":\"275.58\",\"bonus\":\"656.72\",\"paiddays\":97542,\"pfemployer\":\"843.02\",\"esiemployer\":\"474.20\",\"pfemployee\":\"476.57\",\"esiemployee\":\"359.89\",\"professionaltax\":\"825.60\",\"gmcngpa\":\"414.54\",\"tds\":\"227.10\",\"salaryadvance\":\"717.23\",\"lwf\":\"394.22\",\"otherdeductions\":\"629.67\",\"otherallowances\":\"693.54\",\"creditingbank\":\"recusandae at iusto\"}","level":"info"}
{"message":200,"level":"info"}
{"message":"{\"empfinancialid\":234,\"ctc\":\"736.18\",\"hra\":\"957.67\",\"aca\":\"616.43\",\"bonus\":\"493.89\",\"paiddays\":83445,\"pfemployer\":\"859.56\",\"esiemployer\":\"301.63\",\"pfemployee\":\"775.17\",\"esiemployee\":\"979.80\",\"professionaltax\":\"808.82\",\"gmcngpa\":\"971.05\",\"tds\":\"954.02\",\"salaryadvance\":\"169.86\",\"lwf\":\"518.37\",\"otherdeductions\":\"669.35\",\"otherallowances\":\"166.91\",\"creditingbank\":\"harum harum nostrum\"}","level":"info"}
{"message":200,"level":"info"}
{"message":"{\"empfinancialid\":235,\"ctc\":\"502.31\",\"hra\":\"471.65\",\"aca\":\"153.74\",\"bonus\":\"324.96\",\"paiddays\":3454,\"pfemployer\":\"985.67\",\"esiemployer\":\"636.44\",\"pfemployee\":\"812.11\",\"esiemployee\":\"239.04\",\"professionaltax\":\"620.81\",\"gmcngpa\":\"180.21\",\"tds\":\"879.96\",\"salaryadvance\":\"455.96\",\"lwf\":\"145.75\",\"otherdeductions\":\"811.12\",\"otherallowances\":\"342.95\",\"creditingbank\":\"totam quam possimus\"}","level":"info"}
{"message":200,"level":"info"}
{"message":"{\"empfinancialid\":236,\"ctc\":\"745.56\",\"hra\":\"404.76\",\"aca\":\"653.74\",\"bonus\":\"475.62\",\"paiddays\":46380,\"pfemployer\":\"178.67\",\"esiemployer\":\"888.59\",\"pfemployee\":\"312.85\",\"esiemployee\":\"558.77\",\"professionaltax\":\"41.99\",\"gmcngpa\":\"566.74\",\"tds\":\"533.23\",\"salaryadvance\":\"658.24\",\"lwf\":\"916.15\",\"otherdeductions\":\"580.91\",\"otherallowances\":\"637.53\",\"creditingbank\":\"inventore unde qui\"}","level":"info"}
{"message":200,"level":"info"}
{"message":"{\"empfinancialid\":237,\"ctc\":\"164.53\",\"hra\":\"379.16\",\"aca\":\"955.11\",\"bonus\":\"345.90\",\"paiddays\":87911,\"pfemployer\":\"238.48\",\"esiemployer\":\"90.59\",\"pfemployee\":\"294.58\",\"esiemployee\":\"698.90\",\"professionaltax\":\"726.55\",\"gmcngpa\":\"420.58\",\"tds\":\"985.98\",\"salaryadvance\":\"34.78\",\"lwf\":\"606.75\",\"otherdeductions\":\"421.01\",\"otherallowances\":\"549.69\",\"creditingbank\":\"et qui non\"}","level":"info"}
{"message":200,"level":"info"}
{"message":"{\"empfinancialid\":238,\"ctc\":\"163.38\",\"hra\":\"571.59\",\"aca\":\"110.63\",\"bonus\":\"805.89\",\"paiddays\":1013,\"pfemployer\":\"844.34\",\"esiemployer\":\"818.75\",\"pfemployee\":\"714.22\",\"esiemployee\":\"958.60\",\"professionaltax\":\"578.24\",\"gmcngpa\":\"58.94\",\"tds\":\"461.31\",\"salaryadvance\":\"682.88\",\"lwf\":\"93.09\",\"otherdeductions\":\"281.45\",\"otherallowances\":\"418.67\",\"creditingbank\":\"voluptas perferendis unde\"}","level":"info"}
{"message":200,"level":"info"}
{"message":"{\"empfinancialid\":239,\"ctc\":\"704.95\",\"hra\":\"249.06\",\"aca\":\"245.67\",\"bonus\":\"546.71\",\"paiddays\":9029,\"pfemployer\":\"736.86\",\"esiemployer\":\"213.89\",\"pfemployee\":\"602.17\",\"esiemployee\":\"576.43\",\"professionaltax\":\"631.21\",\"gmcngpa\":\"116.83\",\"tds\":\"66.97\",\"salaryadvance\":\"964.91\",\"lwf\":\"375.58\",\"otherdeductions\":\"16.96\",\"otherallowances\":\"230.85\",\"creditingbank\":\"molestiae voluptatem hic\"}","level":"info"}
{"message":200,"level":"info"}
{"message":"{\"empfinancialid\":240,\"ctc\":\"789.32\",\"hra\":\"580.91\",\"aca\":\"787.99\",\"bonus\":\"927.84\",\"paiddays\":99712,\"pfemployer\":\"958.95\",\"esiemployer\":\"36.99\",\"pfemployee\":\"239.22\",\"esiemployee\":\"183.00\",\"professionaltax\":\"66.22\",\"gmcngpa\":\"655.02\",\"tds\":\"818.55\",\"salaryadvance\":\"741.10\",\"lwf\":\"454.34\",\"otherdeductions\":\"819.96\",\"otherallowances\":\"416.28\",\"creditingbank\":\"quisquam doloribus rerum\"}","level":"info"}
{"message":200,"level":"info"}
{"message":"{\"empfinancialid\":241,\"ctc\":\"155.43\",\"hra\":\"190.61\",\"aca\":\"330.96\",\"bonus\":\"173.30\",\"paiddays\":9566,\"pfemployer\":\"727.29\",\"esiemployer\":\"758.36\",\"pfemployee\":\"135.01\",\"esiemployee\":\"532.92\",\"professionaltax\":\"67.44\",\"gmcngpa\":\"400.11\",\"tds\":\"726.98\",\"salaryadvance\":\"373.21\",\"lwf\":\"829.21\",\"otherdeductions\":\"215.22\",\"otherallowances\":\"289.06\",\"creditingbank\":\"inventore quam nobis\"}","level":"info"}
{"message":200,"level":"info"}
{"message":"{\"empfinancialid\":242,\"ctc\":\"163.55\",\"hra\":\"805.47\",\"aca\":\"157.46\",\"bonus\":\"800.64\",\"paiddays\":86953,\"pfemployer\":\"246.54\",\"esiemployer\":\"20.47\",\"pfemployee\":\"993.53\",\"esiemployee\":\"244.89\",\"professionaltax\":\"159.48\",\"gmcngpa\":\"453.10\",\"tds\":\"567.31\",\"salaryadvance\":\"534.97\",\"lwf\":\"844.71\",\"otherdeductions\":\"452.09\",\"otherallowances\":\"967.35\",\"creditingbank\":\"atque magni alias\"}","level":"info"}
{"message":200,"level":"info"}
{"message":"{\"empfinancialid\":243,\"ctc\":\"557.62\",\"hra\":\"627.03\",\"aca\":\"432.54\",\"bonus\":\"68.30\",\"paiddays\":50053,\"pfemployer\":\"749.74\",\"esiemployer\":\"416.84\",\"pfemployee\":\"273.76\",\"esiemployee\":\"312.99\",\"professionaltax\":\"467.18\",\"gmcngpa\":\"567.89\",\"tds\":\"620.03\",\"salaryadvance\":\"96.83\",\"lwf\":\"104.85\",\"otherdeductions\":\"246.58\",\"otherallowances\":\"20.68\",\"creditingbank\":\"perferendis quia dolor\"}","level":"info"}
{"message":200,"level":"info"}
{"message":"{\"empfinancialid\":244,\"ctc\":\"365.44\",\"hra\":\"610.77\",\"aca\":\"422.14\",\"bonus\":\"952.01\",\"paiddays\":52906,\"pfemployer\":\"588.49\",\"esiemployer\":\"431.51\",\"pfemployee\":\"20.33\",\"esiemployee\":\"722.28\",\"professionaltax\":\"606.24\",\"gmcngpa\":\"339.79\",\"tds\":\"664.83\",\"salaryadvance\":\"754.59\",\"lwf\":\"790.95\",\"otherdeductions\":\"704.81\",\"otherallowances\":\"769.34\",\"creditingbank\":\"alias et autem\"}","level":"info"}
{"message":200,"level":"info"}
{"message":"{\"empfinancialid\":245,\"ctc\":\"356.68\",\"hra\":\"931.72\",\"aca\":\"471.45\",\"bonus\":\"346.84\",\"paiddays\":63924,\"pfemployer\":\"694.24\",\"esiemployer\":\"146.11\",\"pfemployee\":\"687.57\",\"esiemployee\":\"724.69\",\"professionaltax\":\"813.83\",\"gmcngpa\":\"947.72\",\"tds\":\"805.82\",\"salaryadvance\":\"142.06\",\"lwf\":\"612.77\",\"otherdeductions\":\"635.79\",\"otherallowances\":\"827.02\",\"creditingbank\":\"nemo quia mollitia\"}","level":"info"}
{"message":200,"level":"info"}
{"message":"{\"empfinancialid\":246,\"ctc\":\"41.64\",\"hra\":\"92.68\",\"aca\":\"204.53\",\"bonus\":\"993.44\",\"paiddays\":48151,\"pfemployer\":\"556.55\",\"esiemployer\":\"406.09\",\"pfemployee\":\"606.14\",\"esiemployee\":\"950.36\",\"professionaltax\":\"11.65\",\"gmcngpa\":\"732.80\",\"tds\":\"102.29\",\"salaryadvance\":\"386.65\",\"lwf\":\"752.37\",\"otherdeductions\":\"568.03\",\"otherallowances\":\"476.82\",\"creditingbank\":\"animi voluptates officiis\"}","level":"info"}
{"message":200,"level":"info"}
{"message":"{\"empfinancialid\":247,\"ctc\":\"717.33\",\"hra\":\"594.55\",\"aca\":\"658.30\",\"bonus\":\"502.38\",\"paiddays\":33902,\"pfemployer\":\"212.19\",\"esiemployer\":\"677.01\",\"pfemployee\":\"446.12\",\"esiemployee\":\"905.07\",\"professionaltax\":\"555.93\",\"gmcngpa\":\"686.30\",\"tds\":\"867.08\",\"salaryadvance\":\"271.98\",\"lwf\":\"323.36\",\"otherdeductions\":\"184.23\",\"otherallowances\":\"579.60\",\"creditingbank\":\"libero ut pariatur\"}","level":"info"}
{"message":200,"level":"info"}
{"message":"{\"empfinancialid\":248,\"ctc\":\"933.54\",\"hra\":\"519.16\",\"aca\":\"80.49\",\"bonus\":\"378.72\",\"paiddays\":24900,\"pfemployer\":\"555.96\",\"esiemployer\":\"955.98\",\"pfemployee\":\"734.33\",\"esiemployee\":\"718.51\",\"professionaltax\":\"576.92\",\"gmcngpa\":\"360.54\",\"tds\":\"688.71\",\"salaryadvance\":\"341.94\",\"lwf\":\"244.65\",\"otherdeductions\":\"501.54\",\"otherallowances\":\"582.06\",\"creditingbank\":\"sed vel corrupti\"}","level":"info"}
{"message":200,"level":"info"}
{"message":"{\"empfinancialid\":249,\"ctc\":\"161.32\",\"hra\":\"85.34\",\"aca\":\"38.15\",\"bonus\":\"6.33\",\"paiddays\":45334,\"pfemployer\":\"65.35\",\"esiemployer\":\"381.78\",\"pfemployee\":\"358.91\",\"esiemployee\":\"648.23\",\"professionaltax\":\"565.74\",\"gmcngpa\":\"200.73\",\"tds\":\"486.46\",\"salaryadvance\":\"839.89\",\"lwf\":\"624.91\",\"otherdeductions\":\"302.03\",\"otherallowances\":\"648.88\",\"creditingbank\":\"est laudantium fugit\"}","level":"info"}
{"message":200,"level":"info"}
{"message":"{\"empfinancialid\":250,\"ctc\":\"579.40\",\"hra\":\"801.63\",\"aca\":\"956.24\",\"bonus\":\"312.92\",\"paiddays\":77547,\"pfemployer\":\"907.06\",\"esiemployer\":\"261.68\",\"pfemployee\":\"848.09\",\"esiemployee\":\"872.87\",\"professionaltax\":\"274.00\",\"gmcngpa\":\"641.23\",\"tds\":\"628.97\",\"salaryadvance\":\"313.16\",\"lwf\":\"155.11\",\"otherdeductions\":\"158.42\",\"otherallowances\":\"254.41\",\"creditingbank\":\"rerum architecto vel\"}","level":"info"}
{"message":200,"level":"info"}
{"message":"{\"empfinancialid\":251,\"ctc\":\"433.91\",\"hra\":\"18.38\",\"aca\":\"468.69\",\"bonus\":\"816.91\",\"paiddays\":34695,\"pfemployer\":\"647.20\",\"esiemployer\":\"296.22\",\"pfemployee\":\"608.00\",\"esiemployee\":\"712.63\",\"professionaltax\":\"677.28\",\"gmcngpa\":\"749.69\",\"tds\":\"321.09\",\"salaryadvance\":\"900.82\",\"lwf\":\"97.33\",\"otherdeductions\":\"191.66\",\"otherallowances\":\"911.82\",\"creditingbank\":\"expedita ut dolores\"}","level":"info"}
{"message":200,"level":"info"}
{"message":"{\"empfinancialid\":256,\"ctc\":\"719.70\",\"hra\":\"262.46\",\"aca\":\"224.23\",\"bonus\":\"855.01\",\"paiddays\":49198,\"pfemployer\":\"596.66\",\"esiemployer\":\"825.50\",\"pfemployee\":\"62.46\",\"esiemployee\":\"580.09\",\"professionaltax\":\"470.99\",\"gmcngpa\":\"52.52\",\"tds\":\"420.58\",\"salaryadvance\":\"534.61\",\"lwf\":\"894.28\",\"otherdeductions\":\"857.99\",\"otherallowances\":\"657.63\",\"creditingbank\":\"amet quod ad\"}","level":"info"}
{"message":200,"level":"info"}
{"message":"{\"empfinancialid\":252,\"ctc\":\"290.40\",\"hra\":\"536.43\",\"aca\":\"393.67\",\"bonus\":\"925.48\",\"paiddays\":40195,\"pfemployer\":\"182.59\",\"esiemployer\":\"461.07\",\"pfemployee\":\"80.61\",\"esiemployee\":\"548.86\",\"professionaltax\":\"835.71\",\"gmcngpa\":\"442.64\",\"tds\":\"180.85\",\"salaryadvance\":\"707.63\",\"lwf\":\"555.80\",\"otherdeductions\":\"474.98\",\"otherallowances\":\"21.85\",\"creditingbank\":\"veniam non dolores\"}","level":"info"}
{"message":200,"level":"info"}
{"message":"{\"empfinancialid\":253,\"ctc\":\"233.58\",\"hra\":\"114.61\",\"aca\":\"898.26\",\"bonus\":\"74.59\",\"paiddays\":41429,\"pfemployer\":\"610.24\",\"esiemployer\":\"564.26\",\"pfemployee\":\"724.01\",\"esiemployee\":\"882.06\",\"professionaltax\":\"241.54\",\"gmcngpa\":\"493.31\",\"tds\":\"979.26\",\"salaryadvance\":\"627.08\",\"lwf\":\"2.81\",\"otherdeductions\":\"394.51\",\"otherallowances\":\"133.00\",\"creditingbank\":\"et facilis doloribus\"}","level":"info"}
{"message":200,"level":"info"}
{"message":"{\"empfinancialid\":254,\"ctc\":\"772.47\",\"hra\":\"6.92\",\"aca\":\"498.63\",\"bonus\":\"702.59\",\"paiddays\":78186,\"pfemployer\":\"446.64\",\"esiemployer\":\"915.67\",\"pfemployee\":\"32.65\",\"esiemployee\":\"571.36\",\"professionaltax\":\"552.15\",\"gmcngpa\":\"376.77\",\"tds\":\"454.91\",\"salaryadvance\":\"907.51\",\"lwf\":\"429.93\",\"otherdeductions\":\"721.16\",\"otherallowances\":\"505.41\",\"creditingbank\":\"vitae ut ad\"}","level":"info"}
{"message":200,"level":"info"}
{"message":"{\"empfinancialid\":255,\"ctc\":\"609.51\",\"hra\":\"633.29\",\"aca\":\"682.03\",\"bonus\":\"278.24\",\"paiddays\":38430,\"pfemployer\":\"495.52\",\"esiemployer\":\"584.39\",\"pfemployee\":\"769.42\",\"esiemployee\":\"476.78\",\"professionaltax\":\"50.44\",\"gmcngpa\":\"17.94\",\"tds\":\"353.55\",\"salaryadvance\":\"654.73\",\"lwf\":\"209.99\",\"otherdeductions\":\"590.22\",\"otherallowances\":\"631.55\",\"creditingbank\":\"corrupti optio culpa\"}","level":"info"}
{"message":200,"level":"info"}
{"message":"{\"empfinancialid\":259,\"ctc\":\"774.11\",\"hra\":\"190.98\",\"aca\":\"446.70\",\"bonus\":\"396.92\",\"paiddays\":55441,\"pfemployer\":\"285.90\",\"esiemployer\":\"869.68\",\"pfemployee\":\"474.06\",\"esiemployee\":\"57.00\",\"professionaltax\":\"665.07\",\"gmcngpa\":\"703.09\",\"tds\":\"442.05\",\"salaryadvance\":\"261.10\",\"lwf\":\"108.85\",\"otherdeductions\":\"417.32\",\"otherallowances\":\"556.44\",\"creditingbank\":\"asperiores voluptates ut\"}","level":"info"}
{"message":200,"level":"info"}
{"message":"{\"empfinancialid\":260,\"ctc\":\"957.67\",\"hra\":\"191.95\",\"aca\":\"222.65\",\"bonus\":\"858.55\",\"paiddays\":43444,\"pfemployer\":\"394.67\",\"esiemployer\":\"687.29\",\"pfemployee\":\"584.93\",\"esiemployee\":\"670.14\",\"professionaltax\":\"899.70\",\"gmcngpa\":\"298.88\",\"tds\":\"835.04\",\"salaryadvance\":\"919.77\",\"lwf\":\"857.69\",\"otherdeductions\":\"350.07\",\"otherallowances\":\"394.99\",\"creditingbank\":\"culpa maiores id\"}","level":"info"}
{"message":200,"level":"info"}
{"message":"{\"empfinancialid\":257,\"ctc\":\"587.60\",\"hra\":\"124.39\",\"aca\":\"518.37\",\"bonus\":\"800.24\",\"paiddays\":68743,\"pfemployer\":\"103.78\",\"esiemployer\":\"731.95\",\"pfemployee\":\"49.32\",\"esiemployee\":\"545.48\",\"professionaltax\":\"880.82\",\"gmcngpa\":\"770.37\",\"tds\":\"586.68\",\"salaryadvance\":\"772.71\",\"lwf\":\"36.03\",\"otherdeductions\":\"62.97\",\"otherallowances\":\"744.91\",\"creditingbank\":\"numquam laboriosam aliquid\"}","level":"info"}
{"message":200,"level":"info"}
{"message":"{\"empfinancialid\":258,\"ctc\":\"215.64\",\"hra\":\"854.92\",\"aca\":\"182.12\",\"bonus\":\"754.92\",\"paiddays\":4233,\"pfemployer\":\"411.97\",\"esiemployer\":\"153.43\",\"pfemployee\":\"596.10\",\"esiemployee\":\"947.38\",\"professionaltax\":\"853.48\",\"gmcngpa\":\"50.76\",\"tds\":\"996.70\",\"salaryadvance\":\"441.86\",\"lwf\":\"238.38\",\"otherdeductions\":\"638.29\",\"otherallowances\":\"47.53\",\"creditingbank\":\"fugiat quas suscipit\"}","level":"info"}
{"message":200,"level":"info"}
{"message":"{\"empfinancialid\":261,\"ctc\":\"812.51\",\"hra\":\"526.10\",\"aca\":\"624.97\",\"bonus\":\"434.01\",\"paiddays\":20581,\"pfemployer\":\"160.17\",\"esiemployer\":\"475.41\",\"pfemployee\":\"500.06\",\"esiemployee\":\"312.74\",\"professionaltax\":\"752.01\",\"gmcngpa\":\"479.88\",\"tds\":\"63.54\",\"salaryadvance\":\"550.75\",\"lwf\":\"65.94\",\"otherdeductions\":\"770.52\",\"otherallowances\":\"300.99\",\"creditingbank\":\"minus modi et\"}","level":"info"}
{"message":200,"level":"info"}
{"message":"{\"empfinancialid\":262,\"ctc\":\"756.91\",\"hra\":\"37.96\",\"aca\":\"169.89\",\"bonus\":\"135.96\",\"paiddays\":94663,\"pfemployer\":\"568.14\",\"esiemployer\":\"116.69\",\"pfemployee\":\"475.61\",\"esiemployee\":\"884.42\",\"professionaltax\":\"954.76\",\"gmcngpa\":\"736.23\",\"tds\":\"842.54\",\"salaryadvance\":\"186.88\",\"lwf\":\"144.94\",\"otherdeductions\":\"188.57\",\"otherallowances\":\"920.07\",\"creditingbank\":\"consequatur fugit est\"}","level":"info"}
{"message":200,"level":"info"}
{"message":"{\"empfinancialid\":263,\"ctc\":\"428.38\",\"hra\":\"538.65\",\"aca\":\"404.40\",\"bonus\":\"228.55\",\"paiddays\":12607,\"pfemployer\":\"320.12\",\"esiemployer\":\"924.02\",\"pfemployee\":\"587.45\",\"esiemployee\":\"832.07\",\"professionaltax\":\"331.69\",\"gmcngpa\":\"94.99\",\"tds\":\"615.72\",\"salaryadvance\":\"836.80\",\"lwf\":\"698.03\",\"otherdeductions\":\"379.80\",\"otherallowances\":\"580.62\",\"creditingbank\":\"illo debitis quod\"}","level":"info"}
{"message":200,"level":"info"}
{"message":"{\"empfinancialid\":264,\"ctc\":\"845.25\",\"hra\":\"481.61\",\"aca\":\"86.39\",\"bonus\":\"798.40\",\"paiddays\":84699,\"pfemployer\":\"828.08\",\"esiemployer\":\"163.62\",\"pfemployee\":\"272.24\",\"esiemployee\":\"305.35\",\"professionaltax\":\"932.58\",\"gmcngpa\":\"388.10\",\"tds\":\"931.57\",\"salaryadvance\":\"172.63\",\"lwf\":\"880.00\",\"otherdeductions\":\"741.72\",\"otherallowances\":\"252.28\",\"creditingbank\":\"esse reprehenderit vel\"}","level":"info"}
{"message":200,"level":"info"}
{"message":"{\"empfinancialid\":265,\"ctc\":\"141.10\",\"hra\":\"566.75\",\"aca\":\"62.55\",\"bonus\":\"213.33\",\"paiddays\":59553,\"pfemployer\":\"45.51\",\"esiemployer\":\"380.78\",\"pfemployee\":\"141.54\",\"esiemployee\":\"931.11\",\"professionaltax\":\"564.84\",\"gmcngpa\":\"569.45\",\"tds\":\"887.31\",\"salaryadvance\":\"41.65\",\"lwf\":\"375.15\",\"otherdeductions\":\"307.83\",\"otherallowances\":\"838.55\",\"creditingbank\":\"labore asperiores repudiandae\"}","level":"info"}
{"message":200,"level":"info"}
{"message":"{\"empfinancialid\":266,\"ctc\":\"107.24\",\"hra\":\"701.09\",\"aca\":\"804.25\",\"bonus\":\"711.56\",\"paiddays\":1249,\"pfemployer\":\"886.74\",\"esiemployer\":\"740.77\",\"pfemployee\":\"30.94\",\"esiemployee\":\"858.23\",\"professionaltax\":\"806.31\",\"gmcngpa\":\"744.19\",\"tds\":\"6.61\",\"salaryadvance\":\"984.89\",\"lwf\":\"553.16\",\"otherdeductions\":\"91.03\",\"otherallowances\":\"229.13\",\"creditingbank\":\"eos molestiae error\"}","level":"info"}
{"message":200,"level":"info"}
{"message":"{\"empfinancialid\":267,\"ctc\":\"701.79\",\"hra\":\"170.33\",\"aca\":\"793.50\",\"bonus\":\"326.65\",\"paiddays\":74733,\"pfemployer\":\"722.91\",\"esiemployer\":\"315.54\",\"pfemployee\":\"140.49\",\"esiemployee\":\"78.19\",\"professionaltax\":\"996.58\",\"gmcngpa\":\"264.20\",\"tds\":\"820.11\",\"salaryadvance\":\"200.95\",\"lwf\":\"130.03\",\"otherdeductions\":\"844.77\",\"otherallowances\":\"756.49\",\"creditingbank\":\"quos ut ut\"}","level":"info"}
{"message":200,"level":"info"}
{"message":"{\"empfinancialid\":268,\"ctc\":\"100.54\",\"hra\":\"729.82\",\"aca\":\"311.55\",\"bonus\":\"550.64\",\"paiddays\":65759,\"pfemployer\":\"442.94\",\"esiemployer\":\"76.85\",\"pfemployee\":\"839.18\",\"esiemployee\":\"293.16\",\"professionaltax\":\"174.79\",\"gmcngpa\":\"307.57\",\"tds\":\"991.22\",\"salaryadvance\":\"752.12\",\"lwf\":\"544.06\",\"otherdeductions\":\"887.40\",\"otherallowances\":\"964.10\",\"creditingbank\":\"ipsam distinctio sapiente\"}","level":"info"}
{"message":200,"level":"info"}
{"message":"{\"empfinancialid\":269,\"ctc\":\"613.07\",\"hra\":\"418.35\",\"aca\":\"335.68\",\"bonus\":\"521.38\",\"paiddays\":59656,\"pfemployer\":\"257.62\",\"esiemployer\":\"144.28\",\"pfemployee\":\"565.19\",\"esiemployee\":\"837.01\",\"professionaltax\":\"988.77\",\"gmcngpa\":\"644.24\",\"tds\":\"72.79\",\"salaryadvance\":\"325.94\",\"lwf\":\"715.52\",\"otherdeductions\":\"625.95\",\"otherallowances\":\"487.36\",\"creditingbank\":\"asperiores ipsum qui\"}","level":"info"}
{"message":200,"level":"info"}
{"message":"{\"empfinancialid\":270,\"ctc\":\"696.72\",\"hra\":\"543.77\",\"aca\":\"478.97\",\"bonus\":\"159.46\",\"paiddays\":98069,\"pfemployer\":\"159.69\",\"esiemployer\":\"935.20\",\"pfemployee\":\"856.30\",\"esiemployee\":\"130.66\",\"professionaltax\":\"407.28\",\"gmcngpa\":\"511.08\",\"tds\":\"621.81\",\"salaryadvance\":\"684.14\",\"lwf\":\"805.05\",\"otherdeductions\":\"372.74\",\"otherallowances\":\"957.83\",\"creditingbank\":\"dolorem aut mollitia\"}","level":"info"}
{"message":200,"level":"info"}
{"message":"{\"empfinancialid\":271,\"ctc\":\"353.78\",\"hra\":\"783.66\",\"aca\":\"36.62\",\"bonus\":\"201.68\",\"paiddays\":68451,\"pfemployer\":\"601.46\",\"esiemployer\":\"537.36\",\"pfemployee\":\"376.88\",\"esiemployee\":\"766.13\",\"professionaltax\":\"447.73\",\"gmcngpa\":\"718.28\",\"tds\":\"267.87\",\"salaryadvance\":\"971.22\",\"lwf\":\"692.95\",\"otherdeductions\":\"293.01\",\"otherallowances\":\"857.15\",\"creditingbank\":\"amet qui voluptas\"}","level":"info"}
{"message":200,"level":"info"}
{"message":"{\"empfinancialid\":272,\"ctc\":\"596.03\",\"hra\":\"350.36\",\"aca\":\"553.39\",\"bonus\":\"620.00\",\"paiddays\":84361,\"pfemployer\":\"781.40\",\"esiemployer\":\"268.21\",\"pfemployee\":\"318.62\",\"esiemployee\":\"40.68\",\"professionaltax\":\"347.76\",\"gmcngpa\":\"685.76\",\"tds\":\"964.23\",\"salaryadvance\":\"678.58\",\"lwf\":\"717.69\",\"otherdeductions\":\"885.46\",\"otherallowances\":\"371.85\",\"creditingbank\":\"est qui id\"}","level":"info"}
{"message":200,"level":"info"}
{"message":"{\"empfinancialid\":273,\"ctc\":\"962.43\",\"hra\":\"343.64\",\"aca\":\"995.92\",\"bonus\":\"236.98\",\"paiddays\":28253,\"pfemployer\":\"848.74\",\"esiemployer\":\"291.55\",\"pfemployee\":\"806.68\",\"esiemployee\":\"111.75\",\"professionaltax\":\"133.43\",\"gmcngpa\":\"168.44\",\"tds\":\"266.62\",\"salaryadvance\":\"978.35\",\"lwf\":\"289.69\",\"otherdeductions\":\"25.98\",\"otherallowances\":\"773.64\",\"creditingbank\":\"laboriosam distinctio ut\"}","level":"info"}
{"message":200,"level":"info"}
{"message":"{\"empfinancialid\":274,\"ctc\":\"786.72\",\"hra\":\"253.71\",\"aca\":\"365.57\",\"bonus\":\"445.17\",\"paiddays\":28207,\"pfemployer\":\"985.11\",\"esiemployer\":\"932.41\",\"pfemployee\":\"918.89\",\"esiemployee\":\"237.02\",\"professionaltax\":\"511.27\",\"gmcngpa\":\"623.56\",\"tds\":\"195.53\",\"salaryadvance\":\"671.15\",\"lwf\":\"647.46\",\"otherdeductions\":\"777.22\",\"otherallowances\":\"550.78\",\"creditingbank\":\"harum autem voluptatem\"}","level":"info"}
{"message":200,"level":"info"}
{"message":"{\"empfinancialid\":275,\"ctc\":\"420.25\",\"hra\":\"85.71\",\"aca\":\"804.52\",\"bonus\":\"392.77\",\"paiddays\":77926,\"pfemployer\":\"355.09\",\"esiemployer\":\"599.74\",\"pfemployee\":\"966.13\",\"esiemployee\":\"568.55\",\"professionaltax\":\"826.30\",\"gmcngpa\":\"516.03\",\"tds\":\"669.08\",\"salaryadvance\":\"58.68\",\"lwf\":\"628.26\",\"otherdeductions\":\"662.09\",\"otherallowances\":\"133.08\",\"creditingbank\":\"commodi minima ut\"}","level":"info"}
{"message":200,"level":"info"}
{"message":"{\"empfinancialid\":276,\"ctc\":\"769.81\",\"hra\":\"600.25\",\"aca\":\"322.75\",\"bonus\":\"516.00\",\"paiddays\":76139,\"pfemployer\":\"913.92\",\"esiemployer\":\"799.30\",\"pfemployee\":\"897.05\",\"esiemployee\":\"394.86\",\"professionaltax\":\"423.30\",\"gmcngpa\":\"635.80\",\"tds\":\"838.90\",\"salaryadvance\":\"878.75\",\"lwf\":\"844.61\",\"otherdeductions\":\"807.43\",\"otherallowances\":\"771.56\",\"creditingbank\":\"aut consectetur temporibus\"}","level":"info"}
{"message":200,"level":"info"}
{"message":"{\"empfinancialid\":277,\"ctc\":\"98.10\",\"hra\":\"827.84\",\"aca\":\"223.89\",\"bonus\":\"81.38\",\"paiddays\":48994,\"pfemployer\":\"200.99\",\"esiemployer\":\"361.59\",\"pfemployee\":\"150.48\",\"esiemployee\":\"372.56\",\"professionaltax\":\"172.36\",\"gmcngpa\":\"520.34\",\"tds\":\"219.36\",\"salaryadvance\":\"612.77\",\"lwf\":\"380.23\",\"otherdeductions\":\"762.64\",\"otherallowances\":\"746.13\",\"creditingbank\":\"placeat voluptatibus et\"}","level":"info"}
{"message":200,"level":"info"}
{"message":"{\"empfinancialid\":278,\"ctc\":\"903.67\",\"hra\":\"458.49\",\"aca\":\"446.63\",\"bonus\":\"608.94\",\"paiddays\":88116,\"pfemployer\":\"791.51\",\"esiemployer\":\"541.88\",\"pfemployee\":\"603.77\",\"esiemployee\":\"243.74\",\"professionaltax\":\"44.07\",\"gmcngpa\":\"701.42\",\"tds\":\"782.50\",\"salaryadvance\":\"224.68\",\"lwf\":\"389.34\",\"otherdeductions\":\"267.11\",\"otherallowances\":\"529.56\",\"creditingbank\":\"molestiae quia eos\"}","level":"info"}
{"message":200,"level":"info"}
{"message":"{\"empfinancialid\":279,\"ctc\":\"731.31\",\"hra\":\"19.20\",\"aca\":\"333.14\",\"bonus\":\"818.86\",\"paiddays\":65904,\"pfemployer\":\"747.82\",\"esiemployer\":\"4.84\",\"pfemployee\":\"900.79\",\"esiemployee\":\"55.81\",\"professionaltax\":\"491.31\",\"gmcngpa\":\"893.35\",\"tds\":\"694.74\",\"salaryadvance\":\"915.91\",\"lwf\":\"39.81\",\"otherdeductions\":\"163.30\",\"otherallowances\":\"543.72\",\"creditingbank\":\"ullam repellat iusto\"}","level":"info"}
{"message":200,"level":"info"}
{"message":"{\"empfinancialid\":280,\"ctc\":\"318.56\",\"hra\":\"912.00\",\"aca\":\"374.43\",\"bonus\":\"513.59\",\"paiddays\":52358,\"pfemployer\":\"274.75\",\"esiemployer\":\"49.10\",\"pfemployee\":\"324.12\",\"esiemployee\":\"469.63\",\"professionaltax\":\"198.33\",\"gmcngpa\":\"805.10\",\"tds\":\"152.78\",\"salaryadvance\":\"683.78\",\"lwf\":\"484.09\",\"otherdeductions\":\"915.13\",\"otherallowances\":\"737.68\",\"creditingbank\":\"quos sequi aliquid\"}","level":"info"}
{"message":200,"level":"info"}
{"message":"{\"empfinancialid\":281,\"ctc\":\"556.79\",\"hra\":\"495.61\",\"aca\":\"632.79\",\"bonus\":\"455.61\",\"paiddays\":72131,\"pfemployer\":\"147.53\",\"esiemployer\":\"667.53\",\"pfemployee\":\"968.77\",\"esiemployee\":\"891.57\",\"professionaltax\":\"502.88\",\"gmcngpa\":\"884.83\",\"tds\":\"625.02\",\"salaryadvance\":\"289.51\",\"lwf\":\"565.92\",\"otherdeductions\":\"600.05\",\"otherallowances\":\"940.85\",\"creditingbank\":\"at sunt id\"}","level":"info"}
{"message":200,"level":"info"}
{"message":"{\"empfinancialid\":282,\"ctc\":\"138.18\",\"hra\":\"556.70\",\"aca\":\"300.24\",\"bonus\":\"224.57\",\"paiddays\":68563,\"pfemployer\":\"761.58\",\"esiemployer\":\"368.76\",\"pfemployee\":\"991.12\",\"esiemployee\":\"914.54\",\"professionaltax\":\"810.50\",\"gmcngpa\":\"663.69\",\"tds\":\"778.53\",\"salaryadvance\":\"514.86\",\"lwf\":\"228.38\",\"otherdeductions\":\"704.65\",\"otherallowances\":\"992.54\",\"creditingbank\":\"molestias minus blanditiis\"}","level":"info"}
{"message":200,"level":"info"}
{"message":"{\"empfinancialid\":283,\"ctc\":\"313.26\",\"hra\":\"528.62\",\"aca\":\"612.69\",\"bonus\":\"373.97\",\"paiddays\":81246,\"pfemployer\":\"470.13\",\"esiemployer\":\"846.42\",\"pfemployee\":\"4.99\",\"esiemployee\":\"485.58\",\"professionaltax\":\"763.87\",\"gmcngpa\":\"858.43\",\"tds\":\"98.07\",\"salaryadvance\":\"278.81\",\"lwf\":\"542.46\",\"otherdeductions\":\"931.39\",\"otherallowances\":\"70.49\",\"creditingbank\":\"delectus est exercitationem\"}","level":"info"}
{"message":200,"level":"info"}
{"message":"{\"empfinancialid\":284,\"ctc\":\"310.94\",\"hra\":\"170.85\",\"aca\":\"912.72\",\"bonus\":\"666.38\",\"paiddays\":10487,\"pfemployer\":\"777.81\",\"esiemployer\":\"982.14\",\"pfemployee\":\"785.93\",\"esiemployee\":\"892.95\",\"professionaltax\":\"381.69\",\"gmcngpa\":\"807.89\",\"tds\":\"458.90\",\"salaryadvance\":\"388.71\",\"lwf\":\"978.70\",\"otherdeductions\":\"793.06\",\"otherallowances\":\"975.01\",\"creditingbank\":\"dolorem veritatis eius\"}","level":"info"}
{"message":200,"level":"info"}
{"message":"{\"empfinancialid\":285,\"ctc\":\"411.39\",\"hra\":\"780.20\",\"aca\":\"533.65\",\"bonus\":\"477.05\",\"paiddays\":61611,\"pfemployer\":\"201.97\",\"esiemployer\":\"852.35\",\"pfemployee\":\"906.39\",\"esiemployee\":\"382.24\",\"professionaltax\":\"545.77\",\"gmcngpa\":\"109.56\",\"tds\":\"267.56\",\"salaryadvance\":\"86.17\",\"lwf\":\"143.27\",\"otherdeductions\":\"534.38\",\"otherallowances\":\"58.71\",\"creditingbank\":\"eius consequatur ut\"}","level":"info"}
{"message":200,"level":"info"}
{"message":"{\"empfinancialid\":287,\"ctc\":\"300.90\",\"hra\":\"187.02\",\"aca\":\"846.75\",\"bonus\":\"915.05\",\"paiddays\":70523,\"pfemployer\":\"557.54\",\"esiemployer\":\"554.39\",\"pfemployee\":\"459.84\",\"esiemployee\":\"339.85\",\"professionaltax\":\"445.98\",\"gmcngpa\":\"142.68\",\"tds\":\"74.57\",\"salaryadvance\":\"443.52\",\"lwf\":\"336.34\",\"otherdeductions\":\"36.24\",\"otherallowances\":\"112.03\",\"creditingbank\":\"velit nesciunt incidunt\"}","level":"info"}
{"message":200,"level":"info"}
{"message":"{\"empfinancialid\":288,\"ctc\":\"998.64\",\"hra\":\"743.70\",\"aca\":\"296.74\",\"bonus\":\"296.38\",\"paiddays\":69274,\"pfemployer\":\"453.59\",\"esiemployer\":\"718.25\",\"pfemployee\":\"421.14\",\"esiemployee\":\"172.78\",\"professionaltax\":\"536.12\",\"gmcngpa\":\"287.52\",\"tds\":\"977.04\",\"salaryadvance\":\"964.95\",\"lwf\":\"699.69\",\"otherdeductions\":\"542.36\",\"otherallowances\":\"690.88\",\"creditingbank\":\"consequuntur odio eum\"}","level":"info"}
{"message":200,"level":"info"}
{"message":"{\"empfinancialid\":289,\"ctc\":\"541.87\",\"hra\":\"460.48\",\"aca\":\"579.49\",\"bonus\":\"832.29\",\"paiddays\":79699,\"pfemployer\":\"629.55\",\"esiemployer\":\"998.74\",\"pfemployee\":\"543.86\",\"esiemployee\":\"521.89\",\"professionaltax\":\"586.79\",\"gmcngpa\":\"794.46\",\"tds\":\"245.31\",\"salaryadvance\":\"924.84\",\"lwf\":\"705.13\",\"otherdeductions\":\"763.70\",\"otherallowances\":\"977.71\",\"creditingbank\":\"cumque et excepturi\"}","level":"info"}
{"message":200,"level":"info"}
{"message":"{\"empfinancialid\":293,\"ctc\":\"99.59\",\"hra\":\"932.38\",\"aca\":\"61.71\",\"bonus\":\"166.30\",\"paiddays\":91373,\"pfemployer\":\"267.21\",\"esiemployer\":\"135.21\",\"pfemployee\":\"572.69\",\"esiemployee\":\"255.00\",\"professionaltax\":\"10.55\",\"gmcngpa\":\"694.95\",\"tds\":\"230.87\",\"salaryadvance\":\"320.32\",\"lwf\":\"368.86\",\"otherdeductions\":\"326.08\",\"otherallowances\":\"423.69\",\"creditingbank\":\"provident tempora voluptate\"}","level":"info"}
{"message":200,"level":"info"}
{"message":"{\"empfinancialid\":290,\"ctc\":\"403.04\",\"hra\":\"379.36\",\"aca\":\"330.75\",\"bonus\":\"479.40\",\"paiddays\":82861,\"pfemployer\":\"148.21\",\"esiemployer\":\"912.11\",\"pfemployee\":\"734.55\",\"esiemployee\":\"170.16\",\"professionaltax\":\"8.14\",\"gmcngpa\":\"629.58\",\"tds\":\"543.99\",\"salaryadvance\":\"93.23\",\"lwf\":\"613.06\",\"otherdeductions\":\"758.85\",\"otherallowances\":\"283.06\",\"creditingbank\":\"aut repellat voluptate\"}","level":"info"}
{"message":200,"level":"info"}
{"message":"{\"empfinancialid\":291,\"ctc\":\"661.32\",\"hra\":\"510.58\",\"aca\":\"634.97\",\"bonus\":\"598.74\",\"paiddays\":86720,\"pfemployer\":\"523.76\",\"esiemployer\":\"39.06\",\"pfemployee\":\"232.04\",\"esiemployee\":\"561.97\",\"professionaltax\":\"959.38\",\"gmcngpa\":\"631.24\",\"tds\":\"199.92\",\"salaryadvance\":\"209.36\",\"lwf\":\"460.98\",\"otherdeductions\":\"341.67\",\"otherallowances\":\"0.70\",\"creditingbank\":\"vitae quia non\"}","level":"info"}
{"message":200,"level":"info"}
{"message":"{\"empfinancialid\":294,\"ctc\":\"795.38\",\"hra\":\"93.70\",\"aca\":\"21.57\",\"bonus\":\"860.70\",\"paiddays\":11603,\"pfemployer\":\"439.46\",\"esiemployer\":\"438.67\",\"pfemployee\":\"838.19\",\"esiemployee\":\"172.04\",\"professionaltax\":\"606.45\",\"gmcngpa\":\"697.44\",\"tds\":\"706.16\",\"salaryadvance\":\"835.49\",\"lwf\":\"166.18\",\"otherdeductions\":\"858.04\",\"otherallowances\":\"929.80\",\"creditingbank\":\"reiciendis distinctio est\"}","level":"info"}
{"message":200,"level":"info"}
{"message":"{\"empfinancialid\":286,\"ctc\":\"685.29\",\"hra\":\"301.64\",\"aca\":\"522.23\",\"bonus\":\"133.38\",\"paiddays\":43457,\"pfemployer\":\"760.05\",\"esiemployer\":\"237.93\",\"pfemployee\":\"135.20\",\"esiemployee\":\"39.55\",\"professionaltax\":\"446.36\",\"gmcngpa\":\"679.14\",\"tds\":\"891.29\",\"salaryadvance\":\"228.99\",\"lwf\":\"102.15\",\"otherdeductions\":\"811.06\",\"otherallowances\":\"792.74\",\"creditingbank\":\"vel voluptatem quisquam\"}","level":"info"}
{"message":200,"level":"info"}
{"message":"{\"empfinancialid\":292,\"ctc\":\"254.88\",\"hra\":\"677.02\",\"aca\":\"988.16\",\"bonus\":\"611.91\",\"paiddays\":99359,\"pfemployer\":\"713.39\",\"esiemployer\":\"175.85\",\"pfemployee\":\"338.19\",\"esiemployee\":\"202.28\",\"professionaltax\":\"954.64\",\"gmcngpa\":\"72.53\",\"tds\":\"796.31\",\"salaryadvance\":\"131.31\",\"lwf\":\"23.27\",\"otherdeductions\":\"891.74\",\"otherallowances\":\"921.56\",\"creditingbank\":\"eum sint veritatis\"}","level":"info"}
{"message":200,"level":"info"}
{"message":"{\"empfinancialid\":295,\"ctc\":\"471.25\",\"hra\":\"546.44\",\"aca\":\"427.48\",\"bonus\":\"654.81\",\"paiddays\":82978,\"pfemployer\":\"162.53\",\"esiemployer\":\"309.03\",\"pfemployee\":\"594.94\",\"esiemployee\":\"337.15\",\"professionaltax\":\"379.73\",\"gmcngpa\":\"351.37\",\"tds\":\"797.42\",\"salaryadvance\":\"406.50\",\"lwf\":\"357.89\",\"otherdeductions\":\"322.21\",\"otherallowances\":\"784.82\",\"creditingbank\":\"tenetur nobis autem\"}","level":"info"}
{"message":200,"level":"info"}
{"message":"{\"empfinancialid\":296,\"ctc\":\"557.54\",\"hra\":\"513.87\",\"aca\":\"603.21\",\"bonus\":\"344.39\",\"paiddays\":94457,\"pfemployer\":\"438.03\",\"esiemployer\":\"325.51\",\"pfemployee\":\"732.08\",\"esiemployee\":\"116.53\",\"professionaltax\":\"327.00\",\"gmcngpa\":\"309.20\",\"tds\":\"884.30\",\"salaryadvance\":\"710.40\",\"lwf\":\"735.29\",\"otherdeductions\":\"977.85\",\"otherallowances\":\"634.38\",\"creditingbank\":\"nam omnis omnis\"}","level":"info"}
{"message":200,"level":"info"}
{"message":"{\"empfinancialid\":297,\"ctc\":\"309.33\",\"hra\":\"450.13\",\"aca\":\"308.52\",\"bonus\":\"892.51\",\"paiddays\":99742,\"pfemployer\":\"314.00\",\"esiemployer\":\"570.22\",\"pfemployee\":\"48.59\",\"esiemployee\":\"702.15\",\"professionaltax\":\"187.73\",\"gmcngpa\":\"826.71\",\"tds\":\"630.37\",\"salaryadvance\":\"512.66\",\"lwf\":\"233.26\",\"otherdeductions\":\"921.15\",\"otherallowances\":\"943.79\",\"creditingbank\":\"et molestias officia\"}","level":"info"}
{"message":200,"level":"info"}
{"message":"{\"empfinancialid\":298,\"ctc\":\"508.53\",\"hra\":\"111.40\",\"aca\":\"835.34\",\"bonus\":\"247.81\",\"paiddays\":6067,\"pfemployer\":\"632.14\",\"esiemployer\":\"157.38\",\"pfemployee\":\"712.47\",\"esiemployee\":\"470.90\",\"professionaltax\":\"501.98\",\"gmcngpa\":\"902.85\",\"tds\":\"441.61\",\"salaryadvance\":\"74.50\",\"lwf\":\"841.50\",\"otherdeductions\":\"132.01\",\"otherallowances\":\"453.39\",\"creditingbank\":\"suscipit veniam qui\"}","level":"info"}
{"message":200,"level":"info"}
{"message":"{\"empfinancialid\":299,\"ctc\":\"459.18\",\"hra\":\"935.50\",\"aca\":\"63.69\",\"bonus\":\"470.14\",\"paiddays\":41694,\"pfemployer\":\"173.24\",\"esiemployer\":\"815.40\",\"pfemployee\":\"104.13\",\"esiemployee\":\"462.95\",\"professionaltax\":\"865.29\",\"gmcngpa\":\"493.64\",\"tds\":\"448.47\",\"salaryadvance\":\"276.23\",\"lwf\":\"363.30\",\"otherdeductions\":\"467.90\",\"otherallowances\":\"431.53\",\"creditingbank\":\"maxime totam qui\"}","level":"info"}
{"message":200,"level":"info"}
{"message":"{\"empfinancialid\":300,\"ctc\":\"33.03\",\"hra\":\"360.55\",\"aca\":\"262.50\",\"bonus\":\"162.15\",\"paiddays\":67393,\"pfemployer\":\"733.85\",\"esiemployer\":\"642.67\",\"pfemployee\":\"389.42\",\"esiemployee\":\"393.55\",\"professionaltax\":\"435.15\",\"gmcngpa\":\"936.19\",\"tds\":\"466.99\",\"salaryadvance\":\"28.74\",\"lwf\":\"12.00\",\"otherdeductions\":\"43.72\",\"otherallowances\":\"566.91\",\"creditingbank\":\"quaerat nihil earum\"}","level":"info"}
